[ 2023-01-04 18:31:11,322 ] 21 root - INFO - Exporting collection data as pandas dataframe
[ 2023-01-04 18:31:11,322 ] 22 root - INFO - Reading data from database: aps and collection: sensor
[ 2023-01-04 18:31:21,950 ] 24 root - INFO - Found columns: Index(['_id', 'class', 'aa_000', 'ab_000', 'ac_000', 'ad_000', 'ae_000',
       'af_000', 'ag_000', 'ag_001',
       ...
       'ee_002', 'ee_003', 'ee_004', 'ee_005', 'ee_006', 'ee_007', 'ee_008',
       'ee_009', 'ef_000', 'eg_000'],
      dtype='object', length=172)
[ 2023-01-04 18:31:21,952 ] 26 root - INFO - Dropping column: _id
[ 2023-01-04 18:31:23,009 ] 28 root - INFO - Row and columns in df: (36188, 171)
[ 2023-01-04 18:31:23,009 ] 27 root - INFO - Save data in feature store
[ 2023-01-04 18:31:24,750 ] 33 root - INFO - Create feature store folder if not available
[ 2023-01-04 18:31:24,751 ] 38 root - INFO - Save df to feature store folder
[ 2023-01-04 18:31:30,464 ] 42 root - INFO - create dataset into train and test set
[ 2023-01-04 18:31:33,186 ] 46 root - INFO - create dataset directory folder if not available
[ 2023-01-04 18:31:33,187 ] 51 root - INFO - Save df to feature store folder
[ 2023-01-04 18:31:38,730 ] 63 root - INFO - Data ingestion artifact: DataIngestionArtifact(feature_store_file_path='/config/workspace/artifact/01042023__183111/data_ingestion/feature_store/sensor.csv', train_file_path='/config/workspace/artifact/01042023__183111/data_ingestion/dataset/train.csv', test_file_path='/config/workspace/artifact/01042023__183111/data_ingestion/dataset/test.csv')
[ 2023-01-04 18:31:40,489 ] 19 root - INFO - >>>>>>>>>>>>>>>>>>>>>>>>>>>>>>>>>>>>>>>> Data Validation <<<<<<<<<<<<<<<<<<<<<<<<<<<<<<<<<<<<<<<<
[ 2023-01-04 18:31:40,490 ] 107 root - INFO - Reading base dataframe
[ 2023-01-04 18:31:47,757 ] 110 root - INFO - Replace na value in base df
[ 2023-01-04 18:31:47,757 ] 112 root - INFO - Drop null vlaue columns from base df
[ 2023-01-04 18:31:49,351 ] 41 root - INFO - selecting column name which contains null above to 0.2
[ 2023-01-04 18:31:49,353 ] 44 root - INFO - Columns to drop: ['ab_000', 'ad_000', 'bk_000', 'bl_000', 'bm_000', 'bn_000', 'bo_000', 'bp_000', 'bq_000', 'br_000', 'cf_000', 'cg_000', 'ch_000', 'co_000', 'cr_000', 'ct_000', 'cu_000', 'cv_000', 'cx_000', 'cy_000', 'cz_000', 'da_000', 'db_000', 'dc_000']
[ 2023-01-04 18:31:49,572 ] 115 root - INFO - Reading train dataframe
[ 2023-01-04 18:31:51,014 ] 117 root - INFO - Reading test dataframe
[ 2023-01-04 18:31:51,351 ] 120 root - INFO - Drop null values columns from train df
[ 2023-01-04 18:31:51,381 ] 41 root - INFO - selecting column name which contains null above to 0.2
[ 2023-01-04 18:31:51,383 ] 44 root - INFO - Columns to drop: ['ab_000', 'ad_000', 'bk_000', 'bl_000', 'bm_000', 'bn_000', 'bo_000', 'bp_000', 'bq_000', 'br_000', 'cf_000', 'cg_000', 'ch_000', 'co_000', 'cr_000', 'ct_000', 'cu_000', 'cv_000', 'cx_000', 'cy_000', 'cz_000', 'da_000', 'db_000', 'dc_000']
[ 2023-01-04 18:31:51,416 ] 122 root - INFO - Drop null values columns from test df
[ 2023-01-04 18:31:51,427 ] 41 root - INFO - selecting column name which contains null above to 0.2
[ 2023-01-04 18:31:51,428 ] 44 root - INFO - Columns to drop: ['ab_000', 'ad_000', 'bk_000', 'bl_000', 'bm_000', 'bn_000', 'bo_000', 'bp_000', 'bq_000', 'br_000', 'cf_000', 'cg_000', 'ch_000', 'co_000', 'cr_000', 'ct_000', 'cu_000', 'cv_000', 'cx_000', 'cy_000', 'cz_000', 'da_000', 'db_000', 'dc_000']
[ 2023-01-04 18:31:51,435 ] 130 root - INFO - Is all required column present in train df
[ 2023-01-04 18:31:51,436 ] 132 root - INFO - Is all required columns present in test df
[ 2023-01-04 18:31:51,437 ] 136 root - INFO - As all column are available in train df hence detecting data drift
[ 2023-01-04 18:31:51,438 ] 85 root - INFO - Hypothesis class: object, object
[ 2023-01-04 18:31:51,636 ] 85 root - INFO - Hypothesis aa_000: int64, int64
[ 2023-01-04 18:31:51,653 ] 85 root - INFO - Hypothesis ac_000: object, float64
