[ 2023-01-05 10:15:08,736 ] 21 root - INFO - Exporting collection data as pandas dataframe
[ 2023-01-05 10:15:08,736 ] 22 root - INFO - Reading data from database: aps and collection: sensor
[ 2023-01-05 10:15:12,295 ] 24 root - INFO - Found columns: Index(['_id', 'class', 'aa_000', 'ab_000', 'ac_000', 'ad_000', 'ae_000',
       'af_000', 'ag_000', 'ag_001',
       ...
       'ee_002', 'ee_003', 'ee_004', 'ee_005', 'ee_006', 'ee_007', 'ee_008',
       'ee_009', 'ef_000', 'eg_000'],
      dtype='object', length=172)
[ 2023-01-05 10:15:12,296 ] 26 root - INFO - Dropping column: _id
[ 2023-01-05 10:15:12,539 ] 28 root - INFO - Row and columns in df: (36188, 171)
[ 2023-01-05 10:15:12,539 ] 27 root - INFO - Save data in feature store
[ 2023-01-05 10:15:13,195 ] 33 root - INFO - Create feature store folder if not available
[ 2023-01-05 10:15:13,196 ] 38 root - INFO - Save df to feature store folder
[ 2023-01-05 10:15:15,616 ] 42 root - INFO - create dataset into train and test set
[ 2023-01-05 10:15:16,276 ] 46 root - INFO - create dataset directory folder if not available
[ 2023-01-05 10:15:16,276 ] 51 root - INFO - Save df to feature store folder
[ 2023-01-05 10:15:18,515 ] 63 root - INFO - Data ingestion artifact: DataIngestionArtifact(feature_store_file_path='/config/workspace/artifact/01052023__101508/data_ingestion/feature_store/sensor.csv', train_file_path='/config/workspace/artifact/01052023__101508/data_ingestion/dataset/train.csv', test_file_path='/config/workspace/artifact/01052023__101508/data_ingestion/dataset/test.csv')
[ 2023-01-05 10:15:18,969 ] 19 root - INFO - >>>>>>>>>>>>>>>>>>>>>>>>>>>>>>>>>>>>>>>> Data Validation <<<<<<<<<<<<<<<<<<<<<<<<<<<<<<<<<<<<<<<<
[ 2023-01-05 10:15:18,970 ] 107 root - INFO - Reading base dataframe
[ 2023-01-05 10:15:21,990 ] 110 root - INFO - Replace na value in base df
[ 2023-01-05 10:15:21,990 ] 112 root - INFO - Drop null vlaue columns from base df
[ 2023-01-05 10:15:22,990 ] 41 root - INFO - selecting column name which contains null above to 0.2
[ 2023-01-05 10:15:22,990 ] 44 root - INFO - Columns to drop: ['ab_000', 'ad_000', 'bk_000', 'bl_000', 'bm_000', 'bn_000', 'bo_000', 'bp_000', 'bq_000', 'br_000', 'cf_000', 'cg_000', 'ch_000', 'co_000', 'cr_000', 'ct_000', 'cu_000', 'cv_000', 'cx_000', 'cy_000', 'cz_000', 'da_000', 'db_000', 'dc_000']
[ 2023-01-05 10:15:23,090 ] 115 root - INFO - Reading train dataframe
[ 2023-01-05 10:15:23,477 ] 117 root - INFO - Reading test dataframe
[ 2023-01-05 10:15:23,580 ] 120 root - INFO - Drop null values columns from train df
[ 2023-01-05 10:15:23,592 ] 41 root - INFO - selecting column name which contains null above to 0.2
[ 2023-01-05 10:15:23,592 ] 44 root - INFO - Columns to drop: ['ab_000', 'ad_000', 'bk_000', 'bl_000', 'bm_000', 'bn_000', 'bo_000', 'bp_000', 'bq_000', 'br_000', 'cf_000', 'cg_000', 'ch_000', 'co_000', 'cr_000', 'ct_000', 'cu_000', 'cv_000', 'cx_000', 'cy_000', 'cz_000', 'da_000', 'db_000', 'dc_000']
[ 2023-01-05 10:15:23,601 ] 122 root - INFO - Drop null values columns from test df
[ 2023-01-05 10:15:23,605 ] 41 root - INFO - selecting column name which contains null above to 0.2
[ 2023-01-05 10:15:23,606 ] 44 root - INFO - Columns to drop: ['ab_000', 'ad_000', 'bk_000', 'bl_000', 'bm_000', 'bn_000', 'bo_000', 'bp_000', 'bq_000', 'br_000', 'cf_000', 'cg_000', 'ch_000', 'co_000', 'cr_000', 'ct_000', 'cu_000', 'cv_000', 'cx_000', 'cy_000', 'cz_000', 'da_000', 'db_000', 'dc_000']
[ 2023-01-05 10:15:29,683 ] 130 root - INFO - Is all required column present in train df
[ 2023-01-05 10:15:29,684 ] 132 root - INFO - Is all required columns present in test df
[ 2023-01-05 10:15:29,684 ] 136 root - INFO - As all column are available in train df hence detecting data drift
[ 2023-01-05 10:15:29,684 ] 85 root - INFO - Hypothesis class: object, object
[ 2023-01-05 10:15:29,816 ] 85 root - INFO - Hypothesis aa_000: float64, float64
[ 2023-01-05 10:15:29,826 ] 85 root - INFO - Hypothesis ac_000: float64, float64
[ 2023-01-05 10:15:29,834 ] 85 root - INFO - Hypothesis ae_000: float64, float64
[ 2023-01-05 10:15:29,871 ] 85 root - INFO - Hypothesis af_000: float64, float64
[ 2023-01-05 10:15:29,907 ] 85 root - INFO - Hypothesis ag_000: float64, float64
[ 2023-01-05 10:15:29,943 ] 85 root - INFO - Hypothesis ag_001: float64, float64
[ 2023-01-05 10:15:29,980 ] 85 root - INFO - Hypothesis ag_002: float64, float64
[ 2023-01-05 10:15:30,017 ] 85 root - INFO - Hypothesis ag_003: float64, float64
[ 2023-01-05 10:15:30,024 ] 85 root - INFO - Hypothesis ag_004: float64, float64
[ 2023-01-05 10:15:30,034 ] 85 root - INFO - Hypothesis ag_005: float64, float64
[ 2023-01-05 10:15:30,081 ] 85 root - INFO - Hypothesis ag_006: float64, float64
[ 2023-01-05 10:15:30,126 ] 85 root - INFO - Hypothesis ag_007: float64, float64
[ 2023-01-05 10:15:30,169 ] 85 root - INFO - Hypothesis ag_008: float64, float64
[ 2023-01-05 10:15:30,211 ] 85 root - INFO - Hypothesis ag_009: float64, float64
[ 2023-01-05 10:15:30,251 ] 85 root - INFO - Hypothesis ah_000: float64, float64
[ 2023-01-05 10:15:30,261 ] 85 root - INFO - Hypothesis ai_000: float64, float64
[ 2023-01-05 10:15:30,298 ] 85 root - INFO - Hypothesis aj_000: float64, float64
[ 2023-01-05 10:15:30,336 ] 85 root - INFO - Hypothesis ak_000: float64, float64
[ 2023-01-05 10:15:30,373 ] 85 root - INFO - Hypothesis al_000: float64, float64
[ 2023-01-05 10:15:30,380 ] 85 root - INFO - Hypothesis am_0: float64, float64
[ 2023-01-05 10:15:30,387 ] 85 root - INFO - Hypothesis an_000: float64, float64
[ 2023-01-05 10:15:30,398 ] 85 root - INFO - Hypothesis ao_000: float64, float64
[ 2023-01-05 10:15:30,408 ] 85 root - INFO - Hypothesis ap_000: float64, float64
[ 2023-01-05 10:15:30,419 ] 85 root - INFO - Hypothesis aq_000: float64, float64
[ 2023-01-05 10:15:30,429 ] 85 root - INFO - Hypothesis ar_000: float64, float64
[ 2023-01-05 10:15:30,466 ] 85 root - INFO - Hypothesis as_000: float64, float64
[ 2023-01-05 10:15:30,470 ] 85 root - INFO - Hypothesis at_000: float64, float64
[ 2023-01-05 10:15:30,506 ] 85 root - INFO - Hypothesis au_000: float64, float64
[ 2023-01-05 10:15:30,542 ] 85 root - INFO - Hypothesis av_000: float64, float64
[ 2023-01-05 10:15:30,550 ] 85 root - INFO - Hypothesis ax_000: float64, float64
[ 2023-01-05 10:15:30,558 ] 85 root - INFO - Hypothesis ay_000: float64, float64
[ 2023-01-05 10:15:30,595 ] 85 root - INFO - Hypothesis ay_001: float64, float64
[ 2023-01-05 10:15:30,631 ] 85 root - INFO - Hypothesis ay_002: float64, float64
[ 2023-01-05 10:15:30,668 ] 85 root - INFO - Hypothesis ay_003: float64, float64
[ 2023-01-05 10:15:30,704 ] 85 root - INFO - Hypothesis ay_004: float64, float64
[ 2023-01-05 10:15:30,741 ] 85 root - INFO - Hypothesis ay_005: float64, float64
[ 2023-01-05 10:15:30,782 ] 85 root - INFO - Hypothesis ay_006: float64, float64
[ 2023-01-05 10:15:30,791 ] 85 root - INFO - Hypothesis ay_007: float64, float64
[ 2023-01-05 10:15:30,801 ] 85 root - INFO - Hypothesis ay_008: float64, float64
[ 2023-01-05 10:15:30,845 ] 85 root - INFO - Hypothesis ay_009: float64, float64
[ 2023-01-05 10:15:30,880 ] 85 root - INFO - Hypothesis az_000: float64, float64
[ 2023-01-05 10:15:30,890 ] 85 root - INFO - Hypothesis az_001: float64, float64
[ 2023-01-05 10:15:30,931 ] 85 root - INFO - Hypothesis az_002: float64, float64
[ 2023-01-05 10:15:30,973 ] 85 root - INFO - Hypothesis az_003: float64, float64
[ 2023-01-05 10:15:31,016 ] 85 root - INFO - Hypothesis az_004: float64, float64
[ 2023-01-05 10:15:31,027 ] 85 root - INFO - Hypothesis az_005: float64, float64
[ 2023-01-05 10:15:31,038 ] 85 root - INFO - Hypothesis az_006: float64, float64
[ 2023-01-05 10:15:31,048 ] 85 root - INFO - Hypothesis az_007: float64, float64
[ 2023-01-05 10:15:31,087 ] 85 root - INFO - Hypothesis az_008: float64, float64
[ 2023-01-05 10:15:31,125 ] 85 root - INFO - Hypothesis az_009: float64, float64
[ 2023-01-05 10:15:31,161 ] 85 root - INFO - Hypothesis ba_000: float64, float64
[ 2023-01-05 10:15:31,204 ] 85 root - INFO - Hypothesis ba_001: float64, float64
[ 2023-01-05 10:15:31,215 ] 85 root - INFO - Hypothesis ba_002: float64, float64
[ 2023-01-05 10:15:31,225 ] 85 root - INFO - Hypothesis ba_003: float64, float64
[ 2023-01-05 10:15:31,268 ] 85 root - INFO - Hypothesis ba_004: float64, float64
[ 2023-01-05 10:15:31,310 ] 85 root - INFO - Hypothesis ba_005: float64, float64
[ 2023-01-05 10:15:31,320 ] 85 root - INFO - Hypothesis ba_006: float64, float64
[ 2023-01-05 10:15:31,330 ] 85 root - INFO - Hypothesis ba_007: float64, float64
[ 2023-01-05 10:15:31,340 ] 85 root - INFO - Hypothesis ba_008: float64, float64
[ 2023-01-05 10:15:31,348 ] 85 root - INFO - Hypothesis ba_009: float64, float64
[ 2023-01-05 10:15:31,354 ] 85 root - INFO - Hypothesis bb_000: float64, float64
[ 2023-01-05 10:15:31,369 ] 85 root - INFO - Hypothesis bc_000: float64, float64
[ 2023-01-05 10:15:31,409 ] 85 root - INFO - Hypothesis bd_000: float64, float64
[ 2023-01-05 10:15:31,418 ] 85 root - INFO - Hypothesis be_000: float64, float64
[ 2023-01-05 10:15:31,427 ] 85 root - INFO - Hypothesis bf_000: float64, float64
[ 2023-01-05 10:15:31,466 ] 85 root - INFO - Hypothesis bg_000: float64, float64
[ 2023-01-05 10:15:31,477 ] 85 root - INFO - Hypothesis bh_000: float64, float64
[ 2023-01-05 10:15:31,487 ] 85 root - INFO - Hypothesis bi_000: float64, float64
[ 2023-01-05 10:15:31,498 ] 85 root - INFO - Hypothesis bj_000: float64, float64
[ 2023-01-05 10:15:31,510 ] 85 root - INFO - Hypothesis bs_000: float64, float64
[ 2023-01-05 10:15:31,553 ] 85 root - INFO - Hypothesis bt_000: float64, float64
[ 2023-01-05 10:15:31,564 ] 85 root - INFO - Hypothesis bu_000: float64, float64
[ 2023-01-05 10:15:31,574 ] 85 root - INFO - Hypothesis bv_000: float64, float64
[ 2023-01-05 10:15:31,584 ] 85 root - INFO - Hypothesis bx_000: float64, float64
[ 2023-01-05 10:15:31,595 ] 85 root - INFO - Hypothesis by_000: float64, float64
[ 2023-01-05 10:15:31,605 ] 85 root - INFO - Hypothesis bz_000: float64, float64
[ 2023-01-05 10:15:31,646 ] 85 root - INFO - Hypothesis ca_000: float64, float64
[ 2023-01-05 10:15:31,657 ] 85 root - INFO - Hypothesis cb_000: float64, float64
[ 2023-01-05 10:15:31,668 ] 85 root - INFO - Hypothesis cc_000: float64, float64
[ 2023-01-05 10:15:31,678 ] 85 root - INFO - Hypothesis cd_000: float64, float64
[ 2023-01-05 10:15:31,715 ] 85 root - INFO - Hypothesis ce_000: float64, float64
[ 2023-01-05 10:15:31,724 ] 85 root - INFO - Hypothesis ci_000: float64, float64
[ 2023-01-05 10:15:31,735 ] 85 root - INFO - Hypothesis cj_000: float64, float64
[ 2023-01-05 10:15:31,773 ] 85 root - INFO - Hypothesis ck_000: float64, float64
[ 2023-01-05 10:15:31,784 ] 85 root - INFO - Hypothesis cl_000: float64, float64
[ 2023-01-05 10:15:31,822 ] 85 root - INFO - Hypothesis cm_000: float64, float64
[ 2023-01-05 10:15:31,861 ] 85 root - INFO - Hypothesis cn_000: float64, float64
[ 2023-01-05 10:15:31,897 ] 85 root - INFO - Hypothesis cn_001: float64, float64
[ 2023-01-05 10:15:31,935 ] 85 root - INFO - Hypothesis cn_002: float64, float64
[ 2023-01-05 10:15:31,943 ] 85 root - INFO - Hypothesis cn_003: float64, float64
[ 2023-01-05 10:15:31,954 ] 85 root - INFO - Hypothesis cn_004: float64, float64
[ 2023-01-05 10:15:31,964 ] 85 root - INFO - Hypothesis cn_005: float64, float64
[ 2023-01-05 10:15:32,008 ] 85 root - INFO - Hypothesis cn_006: float64, float64
[ 2023-01-05 10:15:32,051 ] 85 root - INFO - Hypothesis cn_007: float64, float64
[ 2023-01-05 10:15:32,096 ] 85 root - INFO - Hypothesis cn_008: float64, float64
[ 2023-01-05 10:15:32,139 ] 85 root - INFO - Hypothesis cn_009: float64, float64
[ 2023-01-05 10:15:32,181 ] 85 root - INFO - Hypothesis cp_000: float64, float64
[ 2023-01-05 10:15:32,190 ] 85 root - INFO - Hypothesis cq_000: float64, float64
[ 2023-01-05 10:15:32,200 ] 85 root - INFO - Hypothesis cs_000: float64, float64
[ 2023-01-05 10:15:32,211 ] 85 root - INFO - Hypothesis cs_001: float64, float64
[ 2023-01-05 10:15:32,253 ] 85 root - INFO - Hypothesis cs_002: float64, float64
[ 2023-01-05 10:15:32,296 ] 85 root - INFO - Hypothesis cs_003: float64, float64
[ 2023-01-05 10:15:32,306 ] 85 root - INFO - Hypothesis cs_004: float64, float64
[ 2023-01-05 10:15:32,350 ] 85 root - INFO - Hypothesis cs_005: float64, float64
[ 2023-01-05 10:15:32,397 ] 85 root - INFO - Hypothesis cs_006: float64, float64
[ 2023-01-05 10:15:32,409 ] 85 root - INFO - Hypothesis cs_007: float64, float64
[ 2023-01-05 10:15:32,420 ] 85 root - INFO - Hypothesis cs_008: float64, float64
[ 2023-01-05 10:15:32,428 ] 85 root - INFO - Hypothesis cs_009: float64, float64
[ 2023-01-05 10:15:32,464 ] 85 root - INFO - Hypothesis dd_000: float64, float64
[ 2023-01-05 10:15:32,474 ] 85 root - INFO - Hypothesis de_000: float64, float64
[ 2023-01-05 10:15:32,482 ] 85 root - INFO - Hypothesis df_000: float64, float64
[ 2023-01-05 10:15:32,519 ] 85 root - INFO - Hypothesis dg_000: float64, float64
[ 2023-01-05 10:15:32,557 ] 85 root - INFO - Hypothesis dh_000: float64, float64
[ 2023-01-05 10:15:32,594 ] 85 root - INFO - Hypothesis di_000: float64, float64
[ 2023-01-05 10:15:32,600 ] 85 root - INFO - Hypothesis dj_000: float64, float64
[ 2023-01-05 10:15:32,636 ] 85 root - INFO - Hypothesis dk_000: float64, float64
[ 2023-01-05 10:15:32,672 ] 85 root - INFO - Hypothesis dl_000: float64, float64
[ 2023-01-05 10:15:32,711 ] 85 root - INFO - Hypothesis dm_000: float64, float64
[ 2023-01-05 10:15:32,748 ] 85 root - INFO - Hypothesis dn_000: float64, float64
[ 2023-01-05 10:15:32,791 ] 85 root - INFO - Hypothesis do_000: float64, float64
[ 2023-01-05 10:15:32,801 ] 85 root - INFO - Hypothesis dp_000: float64, float64
[ 2023-01-05 10:15:32,810 ] 85 root - INFO - Hypothesis dq_000: float64, float64
[ 2023-01-05 10:15:32,848 ] 85 root - INFO - Hypothesis dr_000: float64, float64
[ 2023-01-05 10:15:32,886 ] 85 root - INFO - Hypothesis ds_000: float64, float64
[ 2023-01-05 10:15:32,897 ] 85 root - INFO - Hypothesis dt_000: float64, float64
[ 2023-01-05 10:15:32,906 ] 85 root - INFO - Hypothesis du_000: float64, float64
[ 2023-01-05 10:15:32,917 ] 85 root - INFO - Hypothesis dv_000: float64, float64
[ 2023-01-05 10:15:32,928 ] 85 root - INFO - Hypothesis dx_000: float64, float64
[ 2023-01-05 10:15:32,969 ] 85 root - INFO - Hypothesis dy_000: float64, float64
[ 2023-01-05 10:15:33,009 ] 85 root - INFO - Hypothesis dz_000: float64, float64
[ 2023-01-05 10:15:33,047 ] 85 root - INFO - Hypothesis ea_000: float64, float64
[ 2023-01-05 10:15:33,083 ] 85 root - INFO - Hypothesis eb_000: float64, float64
[ 2023-01-05 10:15:33,092 ] 85 root - INFO - Hypothesis ec_00: float64, float64
[ 2023-01-05 10:15:33,102 ] 85 root - INFO - Hypothesis ed_000: float64, float64
[ 2023-01-05 10:15:33,143 ] 85 root - INFO - Hypothesis ee_000: float64, float64
[ 2023-01-05 10:15:33,154 ] 85 root - INFO - Hypothesis ee_001: float64, float64
[ 2023-01-05 10:15:33,165 ] 85 root - INFO - Hypothesis ee_002: float64, float64
[ 2023-01-05 10:15:33,212 ] 85 root - INFO - Hypothesis ee_003: float64, float64
[ 2023-01-05 10:15:33,259 ] 85 root - INFO - Hypothesis ee_004: float64, float64
[ 2023-01-05 10:15:33,302 ] 85 root - INFO - Hypothesis ee_005: float64, float64
[ 2023-01-05 10:15:33,346 ] 85 root - INFO - Hypothesis ee_006: float64, float64
[ 2023-01-05 10:15:33,356 ] 85 root - INFO - Hypothesis ee_007: float64, float64
[ 2023-01-05 10:15:33,366 ] 85 root - INFO - Hypothesis ee_008: float64, float64
[ 2023-01-05 10:15:33,407 ] 85 root - INFO - Hypothesis ee_009: float64, float64
[ 2023-01-05 10:15:33,415 ] 85 root - INFO - Hypothesis ef_000: float64, float64
[ 2023-01-05 10:15:33,451 ] 85 root - INFO - Hypothesis eg_000: float64, float64
[ 2023-01-05 10:15:33,488 ] 139 root - INFO - As all column are available in test df hence detecting data drift
[ 2023-01-05 10:15:33,488 ] 85 root - INFO - Hypothesis class: object, object
[ 2023-01-05 10:15:33,566 ] 85 root - INFO - Hypothesis aa_000: float64, float64
[ 2023-01-05 10:15:33,573 ] 85 root - INFO - Hypothesis ac_000: float64, float64
[ 2023-01-05 10:15:33,578 ] 85 root - INFO - Hypothesis ae_000: float64, float64
[ 2023-01-05 10:15:33,594 ] 85 root - INFO - Hypothesis af_000: float64, float64
[ 2023-01-05 10:15:33,609 ] 85 root - INFO - Hypothesis ag_000: float64, float64
[ 2023-01-05 10:15:33,625 ] 85 root - INFO - Hypothesis ag_001: float64, float64
[ 2023-01-05 10:15:33,640 ] 85 root - INFO - Hypothesis ag_002: float64, float64
[ 2023-01-05 10:15:33,655 ] 85 root - INFO - Hypothesis ag_003: float64, float64
[ 2023-01-05 10:15:33,660 ] 85 root - INFO - Hypothesis ag_004: float64, float64
[ 2023-01-05 10:15:33,667 ] 85 root - INFO - Hypothesis ag_005: float64, float64
[ 2023-01-05 10:15:33,674 ] 85 root - INFO - Hypothesis ag_006: float64, float64
[ 2023-01-05 10:15:33,681 ] 85 root - INFO - Hypothesis ag_007: float64, float64
[ 2023-01-05 10:15:33,687 ] 85 root - INFO - Hypothesis ag_008: float64, float64
[ 2023-01-05 10:15:33,692 ] 85 root - INFO - Hypothesis ag_009: float64, float64
[ 2023-01-05 10:15:33,697 ] 85 root - INFO - Hypothesis ah_000: float64, float64
[ 2023-01-05 10:15:33,704 ] 85 root - INFO - Hypothesis ai_000: float64, float64
[ 2023-01-05 10:15:33,708 ] 85 root - INFO - Hypothesis aj_000: float64, float64
[ 2023-01-05 10:15:33,712 ] 85 root - INFO - Hypothesis ak_000: float64, float64
[ 2023-01-05 10:15:33,727 ] 85 root - INFO - Hypothesis al_000: float64, float64
[ 2023-01-05 10:15:33,732 ] 85 root - INFO - Hypothesis am_0: float64, float64
[ 2023-01-05 10:15:33,737 ] 85 root - INFO - Hypothesis an_000: float64, float64
[ 2023-01-05 10:15:33,744 ] 85 root - INFO - Hypothesis ao_000: float64, float64
[ 2023-01-05 10:15:33,751 ] 85 root - INFO - Hypothesis ap_000: float64, float64
[ 2023-01-05 10:15:33,758 ] 85 root - INFO - Hypothesis aq_000: float64, float64
[ 2023-01-05 10:15:33,766 ] 85 root - INFO - Hypothesis ar_000: float64, float64
[ 2023-01-05 10:15:33,781 ] 85 root - INFO - Hypothesis as_000: float64, float64
[ 2023-01-05 10:15:33,796 ] 85 root - INFO - Hypothesis at_000: float64, float64
[ 2023-01-05 10:15:33,812 ] 85 root - INFO - Hypothesis au_000: float64, float64
[ 2023-01-05 10:15:33,828 ] 85 root - INFO - Hypothesis av_000: float64, float64
[ 2023-01-05 10:15:33,833 ] 85 root - INFO - Hypothesis ax_000: float64, float64
[ 2023-01-05 10:15:33,839 ] 85 root - INFO - Hypothesis ay_000: float64, float64
[ 2023-01-05 10:15:33,854 ] 85 root - INFO - Hypothesis ay_001: float64, float64
[ 2023-01-05 10:15:33,869 ] 85 root - INFO - Hypothesis ay_002: float64, float64
[ 2023-01-05 10:15:33,884 ] 85 root - INFO - Hypothesis ay_003: float64, float64
[ 2023-01-05 10:15:33,899 ] 85 root - INFO - Hypothesis ay_004: float64, float64
[ 2023-01-05 10:15:33,914 ] 85 root - INFO - Hypothesis ay_005: float64, float64
[ 2023-01-05 10:15:33,919 ] 85 root - INFO - Hypothesis ay_006: float64, float64
[ 2023-01-05 10:15:33,925 ] 85 root - INFO - Hypothesis ay_007: float64, float64
[ 2023-01-05 10:15:33,932 ] 85 root - INFO - Hypothesis ay_008: float64, float64
[ 2023-01-05 10:15:33,938 ] 85 root - INFO - Hypothesis ay_009: float64, float64
[ 2023-01-05 10:15:33,954 ] 85 root - INFO - Hypothesis az_000: float64, float64
[ 2023-01-05 10:15:33,960 ] 85 root - INFO - Hypothesis az_001: float64, float64
[ 2023-01-05 10:15:33,966 ] 85 root - INFO - Hypothesis az_002: float64, float64
[ 2023-01-05 10:15:33,973 ] 85 root - INFO - Hypothesis az_003: float64, float64
[ 2023-01-05 10:15:33,979 ] 85 root - INFO - Hypothesis az_004: float64, float64
[ 2023-01-05 10:15:33,986 ] 85 root - INFO - Hypothesis az_005: float64, float64
[ 2023-01-05 10:15:33,994 ] 85 root - INFO - Hypothesis az_006: float64, float64
[ 2023-01-05 10:15:34,000 ] 85 root - INFO - Hypothesis az_007: float64, float64
[ 2023-01-05 10:15:34,005 ] 85 root - INFO - Hypothesis az_008: float64, float64
[ 2023-01-05 10:15:34,020 ] 85 root - INFO - Hypothesis az_009: float64, float64
[ 2023-01-05 10:15:34,036 ] 85 root - INFO - Hypothesis ba_000: float64, float64
[ 2023-01-05 10:15:34,043 ] 85 root - INFO - Hypothesis ba_001: float64, float64
[ 2023-01-05 10:15:34,050 ] 85 root - INFO - Hypothesis ba_002: float64, float64
[ 2023-01-05 10:15:34,057 ] 85 root - INFO - Hypothesis ba_003: float64, float64
[ 2023-01-05 10:15:34,064 ] 85 root - INFO - Hypothesis ba_004: float64, float64
[ 2023-01-05 10:15:34,070 ] 85 root - INFO - Hypothesis ba_005: float64, float64
[ 2023-01-05 10:15:34,077 ] 85 root - INFO - Hypothesis ba_006: float64, float64
[ 2023-01-05 10:15:34,084 ] 85 root - INFO - Hypothesis ba_007: float64, float64
[ 2023-01-05 10:15:34,090 ] 85 root - INFO - Hypothesis ba_008: float64, float64
[ 2023-01-05 10:15:34,096 ] 85 root - INFO - Hypothesis ba_009: float64, float64
[ 2023-01-05 10:15:34,100 ] 85 root - INFO - Hypothesis bb_000: float64, float64
[ 2023-01-05 10:15:34,107 ] 85 root - INFO - Hypothesis bc_000: float64, float64
[ 2023-01-05 10:15:34,112 ] 85 root - INFO - Hypothesis bd_000: float64, float64
[ 2023-01-05 10:15:34,118 ] 85 root - INFO - Hypothesis be_000: float64, float64
[ 2023-01-05 10:15:34,124 ] 85 root - INFO - Hypothesis bf_000: float64, float64
[ 2023-01-05 10:15:34,128 ] 85 root - INFO - Hypothesis bg_000: float64, float64
[ 2023-01-05 10:15:34,136 ] 85 root - INFO - Hypothesis bh_000: float64, float64
[ 2023-01-05 10:15:34,142 ] 85 root - INFO - Hypothesis bi_000: float64, float64
[ 2023-01-05 10:15:34,149 ] 85 root - INFO - Hypothesis bj_000: float64, float64
[ 2023-01-05 10:15:34,157 ] 85 root - INFO - Hypothesis bs_000: float64, float64
[ 2023-01-05 10:15:34,164 ] 85 root - INFO - Hypothesis bt_000: float64, float64
[ 2023-01-05 10:15:34,170 ] 85 root - INFO - Hypothesis bu_000: float64, float64
[ 2023-01-05 10:15:34,177 ] 85 root - INFO - Hypothesis bv_000: float64, float64
[ 2023-01-05 10:15:34,184 ] 85 root - INFO - Hypothesis bx_000: float64, float64
[ 2023-01-05 10:15:34,193 ] 85 root - INFO - Hypothesis by_000: float64, float64
[ 2023-01-05 10:15:34,200 ] 85 root - INFO - Hypothesis bz_000: float64, float64
[ 2023-01-05 10:15:34,206 ] 85 root - INFO - Hypothesis ca_000: float64, float64
[ 2023-01-05 10:15:34,213 ] 85 root - INFO - Hypothesis cb_000: float64, float64
[ 2023-01-05 10:15:34,220 ] 85 root - INFO - Hypothesis cc_000: float64, float64
[ 2023-01-05 10:15:34,227 ] 85 root - INFO - Hypothesis cd_000: float64, float64
[ 2023-01-05 10:15:34,242 ] 85 root - INFO - Hypothesis ce_000: float64, float64
[ 2023-01-05 10:15:34,248 ] 85 root - INFO - Hypothesis ci_000: float64, float64
[ 2023-01-05 10:15:34,255 ] 85 root - INFO - Hypothesis cj_000: float64, float64
[ 2023-01-05 10:15:34,259 ] 85 root - INFO - Hypothesis ck_000: float64, float64
[ 2023-01-05 10:15:34,266 ] 85 root - INFO - Hypothesis cl_000: float64, float64
[ 2023-01-05 10:15:34,270 ] 85 root - INFO - Hypothesis cm_000: float64, float64
[ 2023-01-05 10:15:34,275 ] 85 root - INFO - Hypothesis cn_000: float64, float64
[ 2023-01-05 10:15:34,293 ] 85 root - INFO - Hypothesis cn_001: float64, float64
[ 2023-01-05 10:15:34,297 ] 85 root - INFO - Hypothesis cn_002: float64, float64
[ 2023-01-05 10:15:34,303 ] 85 root - INFO - Hypothesis cn_003: float64, float64
[ 2023-01-05 10:15:34,310 ] 85 root - INFO - Hypothesis cn_004: float64, float64
[ 2023-01-05 10:15:34,317 ] 85 root - INFO - Hypothesis cn_005: float64, float64
[ 2023-01-05 10:15:34,324 ] 85 root - INFO - Hypothesis cn_006: float64, float64
[ 2023-01-05 10:15:34,331 ] 85 root - INFO - Hypothesis cn_007: float64, float64
[ 2023-01-05 10:15:34,338 ] 85 root - INFO - Hypothesis cn_008: float64, float64
[ 2023-01-05 10:15:34,344 ] 85 root - INFO - Hypothesis cn_009: float64, float64
[ 2023-01-05 10:15:34,349 ] 85 root - INFO - Hypothesis cp_000: float64, float64
[ 2023-01-05 10:15:34,354 ] 85 root - INFO - Hypothesis cq_000: float64, float64
[ 2023-01-05 10:15:34,361 ] 85 root - INFO - Hypothesis cs_000: float64, float64
[ 2023-01-05 10:15:34,368 ] 85 root - INFO - Hypothesis cs_001: float64, float64
[ 2023-01-05 10:15:34,374 ] 85 root - INFO - Hypothesis cs_002: float64, float64
[ 2023-01-05 10:15:34,380 ] 85 root - INFO - Hypothesis cs_003: float64, float64
[ 2023-01-05 10:15:34,387 ] 85 root - INFO - Hypothesis cs_004: float64, float64
[ 2023-01-05 10:15:34,394 ] 85 root - INFO - Hypothesis cs_005: float64, float64
[ 2023-01-05 10:15:34,401 ] 85 root - INFO - Hypothesis cs_006: float64, float64
[ 2023-01-05 10:15:34,408 ] 85 root - INFO - Hypothesis cs_007: float64, float64
[ 2023-01-05 10:15:34,415 ] 85 root - INFO - Hypothesis cs_008: float64, float64
[ 2023-01-05 10:15:34,420 ] 85 root - INFO - Hypothesis cs_009: float64, float64
[ 2023-01-05 10:15:34,436 ] 85 root - INFO - Hypothesis dd_000: float64, float64
[ 2023-01-05 10:15:34,442 ] 85 root - INFO - Hypothesis de_000: float64, float64
[ 2023-01-05 10:15:34,448 ] 85 root - INFO - Hypothesis df_000: float64, float64
[ 2023-01-05 10:15:34,464 ] 85 root - INFO - Hypothesis dg_000: float64, float64
[ 2023-01-05 10:15:34,479 ] 85 root - INFO - Hypothesis dh_000: float64, float64
[ 2023-01-05 10:15:34,483 ] 85 root - INFO - Hypothesis di_000: float64, float64
[ 2023-01-05 10:15:34,487 ] 85 root - INFO - Hypothesis dj_000: float64, float64
[ 2023-01-05 10:15:34,502 ] 85 root - INFO - Hypothesis dk_000: float64, float64
[ 2023-01-05 10:15:34,518 ] 85 root - INFO - Hypothesis dl_000: float64, float64
[ 2023-01-05 10:15:34,533 ] 85 root - INFO - Hypothesis dm_000: float64, float64
[ 2023-01-05 10:15:34,549 ] 85 root - INFO - Hypothesis dn_000: float64, float64
[ 2023-01-05 10:15:34,556 ] 85 root - INFO - Hypothesis do_000: float64, float64
[ 2023-01-05 10:15:34,562 ] 85 root - INFO - Hypothesis dp_000: float64, float64
[ 2023-01-05 10:15:34,568 ] 85 root - INFO - Hypothesis dq_000: float64, float64
[ 2023-01-05 10:15:34,573 ] 85 root - INFO - Hypothesis dr_000: float64, float64
[ 2023-01-05 10:15:34,577 ] 85 root - INFO - Hypothesis ds_000: float64, float64
[ 2023-01-05 10:15:34,584 ] 85 root - INFO - Hypothesis dt_000: float64, float64
[ 2023-01-05 10:15:34,590 ] 85 root - INFO - Hypothesis du_000: float64, float64
[ 2023-01-05 10:15:34,597 ] 85 root - INFO - Hypothesis dv_000: float64, float64
[ 2023-01-05 10:15:34,604 ] 85 root - INFO - Hypothesis dx_000: float64, float64
[ 2023-01-05 10:15:34,609 ] 85 root - INFO - Hypothesis dy_000: float64, float64
[ 2023-01-05 10:15:34,613 ] 85 root - INFO - Hypothesis dz_000: float64, float64
[ 2023-01-05 10:15:34,628 ] 85 root - INFO - Hypothesis ea_000: float64, float64
[ 2023-01-05 10:15:34,644 ] 85 root - INFO - Hypothesis eb_000: float64, float64
[ 2023-01-05 10:15:34,649 ] 85 root - INFO - Hypothesis ec_00: float64, float64
[ 2023-01-05 10:15:34,656 ] 85 root - INFO - Hypothesis ed_000: float64, float64
[ 2023-01-05 10:15:34,662 ] 85 root - INFO - Hypothesis ee_000: float64, float64
[ 2023-01-05 10:15:34,669 ] 85 root - INFO - Hypothesis ee_001: float64, float64
[ 2023-01-05 10:15:34,676 ] 85 root - INFO - Hypothesis ee_002: float64, float64
[ 2023-01-05 10:15:34,683 ] 85 root - INFO - Hypothesis ee_003: float64, float64
[ 2023-01-05 10:15:34,690 ] 85 root - INFO - Hypothesis ee_004: float64, float64
[ 2023-01-05 10:15:34,697 ] 85 root - INFO - Hypothesis ee_005: float64, float64
[ 2023-01-05 10:15:34,704 ] 85 root - INFO - Hypothesis ee_006: float64, float64
[ 2023-01-05 10:15:34,710 ] 85 root - INFO - Hypothesis ee_007: float64, float64
[ 2023-01-05 10:15:34,717 ] 85 root - INFO - Hypothesis ee_008: float64, float64
[ 2023-01-05 10:15:34,723 ] 85 root - INFO - Hypothesis ee_009: float64, float64
[ 2023-01-05 10:15:34,728 ] 85 root - INFO - Hypothesis ef_000: float64, float64
[ 2023-01-05 10:15:34,743 ] 85 root - INFO - Hypothesis eg_000: float64, float64
[ 2023-01-05 10:15:34,758 ] 144 root - INFO - Write reprt in yaml file
[ 2023-01-05 10:15:34,826 ] 149 root - INFO - Data validation artifact: DataValidationArtifact(report_file_path='/config/workspace/artifact/01052023__101508/data_validation/report.yaml')
