[ 2023-01-05 09:48:18,618 ] 21 root - INFO - Exporting collection data as pandas dataframe
[ 2023-01-05 09:48:18,618 ] 22 root - INFO - Reading data from database: aps and collection: sensor
[ 2023-01-05 09:48:22,179 ] 24 root - INFO - Found columns: Index(['_id', 'class', 'aa_000', 'ab_000', 'ac_000', 'ad_000', 'ae_000',
       'af_000', 'ag_000', 'ag_001',
       ...
       'ee_002', 'ee_003', 'ee_004', 'ee_005', 'ee_006', 'ee_007', 'ee_008',
       'ee_009', 'ef_000', 'eg_000'],
      dtype='object', length=172)
[ 2023-01-05 09:48:22,180 ] 26 root - INFO - Dropping column: _id
[ 2023-01-05 09:48:22,424 ] 28 root - INFO - Row and columns in df: (36188, 171)
[ 2023-01-05 09:48:22,424 ] 27 root - INFO - Save data in feature store
[ 2023-01-05 09:48:23,049 ] 33 root - INFO - Create feature store folder if not available
[ 2023-01-05 09:48:23,050 ] 38 root - INFO - Save df to feature store folder
[ 2023-01-05 09:48:25,747 ] 42 root - INFO - create dataset into train and test set
[ 2023-01-05 09:48:26,408 ] 46 root - INFO - create dataset directory folder if not available
[ 2023-01-05 09:48:26,408 ] 51 root - INFO - Save df to feature store folder
[ 2023-01-05 09:48:28,715 ] 63 root - INFO - Data ingestion artifact: DataIngestionArtifact(feature_store_file_path='/config/workspace/artifact/01052023__094818/data_ingestion/feature_store/sensor.csv', train_file_path='/config/workspace/artifact/01052023__094818/data_ingestion/dataset/train.csv', test_file_path='/config/workspace/artifact/01052023__094818/data_ingestion/dataset/test.csv')
[ 2023-01-05 09:48:29,212 ] 19 root - INFO - >>>>>>>>>>>>>>>>>>>>>>>>>>>>>>>>>>>>>>>> Data Validation <<<<<<<<<<<<<<<<<<<<<<<<<<<<<<<<<<<<<<<<
[ 2023-01-05 09:48:29,212 ] 107 root - INFO - Reading base dataframe
[ 2023-01-05 09:48:32,150 ] 110 root - INFO - Replace na value in base df
[ 2023-01-05 09:48:32,150 ] 112 root - INFO - Drop null vlaue columns from base df
[ 2023-01-05 09:48:33,099 ] 41 root - INFO - selecting column name which contains null above to 0.2
[ 2023-01-05 09:48:33,099 ] 44 root - INFO - Columns to drop: ['ab_000', 'ad_000', 'bk_000', 'bl_000', 'bm_000', 'bn_000', 'bo_000', 'bp_000', 'bq_000', 'br_000', 'cf_000', 'cg_000', 'ch_000', 'co_000', 'cr_000', 'ct_000', 'cu_000', 'cv_000', 'cx_000', 'cy_000', 'cz_000', 'da_000', 'db_000', 'dc_000']
[ 2023-01-05 09:48:33,197 ] 115 root - INFO - Reading train dataframe
[ 2023-01-05 09:48:33,597 ] 117 root - INFO - Reading test dataframe
[ 2023-01-05 09:48:33,697 ] 120 root - INFO - Drop null values columns from train df
[ 2023-01-05 09:48:33,709 ] 41 root - INFO - selecting column name which contains null above to 0.2
[ 2023-01-05 09:48:33,709 ] 44 root - INFO - Columns to drop: ['ab_000', 'ad_000', 'bk_000', 'bl_000', 'bm_000', 'bn_000', 'bo_000', 'bp_000', 'bq_000', 'br_000', 'cf_000', 'cg_000', 'ch_000', 'co_000', 'cr_000', 'ct_000', 'cu_000', 'cv_000', 'cx_000', 'cy_000', 'cz_000', 'da_000', 'db_000', 'dc_000']
[ 2023-01-05 09:48:33,718 ] 122 root - INFO - Drop null values columns from test df
[ 2023-01-05 09:48:33,722 ] 41 root - INFO - selecting column name which contains null above to 0.2
[ 2023-01-05 09:48:33,722 ] 44 root - INFO - Columns to drop: ['ab_000', 'ad_000', 'bk_000', 'bl_000', 'bm_000', 'bn_000', 'bo_000', 'bp_000', 'bq_000', 'br_000', 'cf_000', 'cg_000', 'ch_000', 'co_000', 'cr_000', 'ct_000', 'cu_000', 'cv_000', 'cx_000', 'cy_000', 'cz_000', 'da_000', 'db_000', 'dc_000']
[ 2023-01-05 09:48:39,786 ] 130 root - INFO - Is all required column present in train df
[ 2023-01-05 09:48:39,786 ] 132 root - INFO - Is all required columns present in test df
[ 2023-01-05 09:48:39,787 ] 136 root - INFO - As all column are available in train df hence detecting data drift
[ 2023-01-05 09:48:39,787 ] 85 root - INFO - Hypothesis class: object, object
[ 2023-01-05 09:48:39,921 ] 85 root - INFO - Hypothesis aa_000: float64, float64
[ 2023-01-05 09:48:39,932 ] 85 root - INFO - Hypothesis ac_000: float64, float64
[ 2023-01-05 09:48:39,940 ] 85 root - INFO - Hypothesis ae_000: float64, float64
[ 2023-01-05 09:48:39,975 ] 85 root - INFO - Hypothesis af_000: float64, float64
[ 2023-01-05 09:48:40,012 ] 85 root - INFO - Hypothesis ag_000: float64, float64
[ 2023-01-05 09:48:40,048 ] 85 root - INFO - Hypothesis ag_001: float64, float64
[ 2023-01-05 09:48:40,083 ] 85 root - INFO - Hypothesis ag_002: float64, float64
[ 2023-01-05 09:48:40,120 ] 85 root - INFO - Hypothesis ag_003: float64, float64
[ 2023-01-05 09:48:40,159 ] 85 root - INFO - Hypothesis ag_004: float64, float64
[ 2023-01-05 09:48:40,201 ] 85 root - INFO - Hypothesis ag_005: float64, float64
[ 2023-01-05 09:48:40,214 ] 85 root - INFO - Hypothesis ag_006: float64, float64
[ 2023-01-05 09:48:40,225 ] 85 root - INFO - Hypothesis ag_007: float64, float64
[ 2023-01-05 09:48:40,234 ] 85 root - INFO - Hypothesis ag_008: float64, float64
[ 2023-01-05 09:48:40,243 ] 85 root - INFO - Hypothesis ag_009: float64, float64
[ 2023-01-05 09:48:40,249 ] 85 root - INFO - Hypothesis ah_000: float64, float64
[ 2023-01-05 09:48:40,260 ] 85 root - INFO - Hypothesis ai_000: float64, float64
[ 2023-01-05 09:48:40,297 ] 85 root - INFO - Hypothesis aj_000: float64, float64
[ 2023-01-05 09:48:40,303 ] 85 root - INFO - Hypothesis ak_000: float64, float64
[ 2023-01-05 09:48:40,339 ] 85 root - INFO - Hypothesis al_000: float64, float64
[ 2023-01-05 09:48:40,378 ] 85 root - INFO - Hypothesis am_0: float64, float64
[ 2023-01-05 09:48:40,418 ] 85 root - INFO - Hypothesis an_000: float64, float64
[ 2023-01-05 09:48:40,461 ] 85 root - INFO - Hypothesis ao_000: float64, float64
[ 2023-01-05 09:48:40,505 ] 85 root - INFO - Hypothesis ap_000: float64, float64
[ 2023-01-05 09:48:40,547 ] 85 root - INFO - Hypothesis aq_000: float64, float64
[ 2023-01-05 09:48:40,590 ] 85 root - INFO - Hypothesis ar_000: float64, float64
[ 2023-01-05 09:48:40,626 ] 85 root - INFO - Hypothesis as_000: float64, float64
[ 2023-01-05 09:48:40,662 ] 85 root - INFO - Hypothesis at_000: float64, float64
[ 2023-01-05 09:48:40,700 ] 85 root - INFO - Hypothesis au_000: float64, float64
[ 2023-01-05 09:48:40,736 ] 85 root - INFO - Hypothesis av_000: float64, float64
[ 2023-01-05 09:48:40,776 ] 85 root - INFO - Hypothesis ax_000: float64, float64
[ 2023-01-05 09:48:40,817 ] 85 root - INFO - Hypothesis ay_000: float64, float64
[ 2023-01-05 09:48:40,853 ] 85 root - INFO - Hypothesis ay_001: float64, float64
[ 2023-01-05 09:48:40,889 ] 85 root - INFO - Hypothesis ay_002: float64, float64
[ 2023-01-05 09:48:40,924 ] 85 root - INFO - Hypothesis ay_003: float64, float64
[ 2023-01-05 09:48:40,965 ] 85 root - INFO - Hypothesis ay_004: float64, float64
[ 2023-01-05 09:48:41,002 ] 85 root - INFO - Hypothesis ay_005: float64, float64
[ 2023-01-05 09:48:41,010 ] 85 root - INFO - Hypothesis ay_006: float64, float64
[ 2023-01-05 09:48:41,019 ] 85 root - INFO - Hypothesis ay_007: float64, float64
[ 2023-01-05 09:48:41,029 ] 85 root - INFO - Hypothesis ay_008: float64, float64
[ 2023-01-05 09:48:41,040 ] 85 root - INFO - Hypothesis ay_009: float64, float64
[ 2023-01-05 09:48:41,076 ] 85 root - INFO - Hypothesis az_000: float64, float64
[ 2023-01-05 09:48:41,118 ] 85 root - INFO - Hypothesis az_001: float64, float64
[ 2023-01-05 09:48:41,128 ] 85 root - INFO - Hypothesis az_002: float64, float64
[ 2023-01-05 09:48:41,137 ] 85 root - INFO - Hypothesis az_003: float64, float64
[ 2023-01-05 09:48:41,147 ] 85 root - INFO - Hypothesis az_004: float64, float64
[ 2023-01-05 09:48:41,158 ] 85 root - INFO - Hypothesis az_005: float64, float64
[ 2023-01-05 09:48:41,168 ] 85 root - INFO - Hypothesis az_006: float64, float64
[ 2023-01-05 09:48:41,179 ] 85 root - INFO - Hypothesis az_007: float64, float64
[ 2023-01-05 09:48:41,217 ] 85 root - INFO - Hypothesis az_008: float64, float64
[ 2023-01-05 09:48:41,254 ] 85 root - INFO - Hypothesis az_009: float64, float64
[ 2023-01-05 09:48:41,290 ] 85 root - INFO - Hypothesis ba_000: float64, float64
[ 2023-01-05 09:48:41,301 ] 85 root - INFO - Hypothesis ba_001: float64, float64
[ 2023-01-05 09:48:41,312 ] 85 root - INFO - Hypothesis ba_002: float64, float64
[ 2023-01-05 09:48:41,322 ] 85 root - INFO - Hypothesis ba_003: float64, float64
[ 2023-01-05 09:48:41,333 ] 85 root - INFO - Hypothesis ba_004: float64, float64
[ 2023-01-05 09:48:41,343 ] 85 root - INFO - Hypothesis ba_005: float64, float64
[ 2023-01-05 09:48:41,353 ] 85 root - INFO - Hypothesis ba_006: float64, float64
[ 2023-01-05 09:48:41,364 ] 85 root - INFO - Hypothesis ba_007: float64, float64
[ 2023-01-05 09:48:41,373 ] 85 root - INFO - Hypothesis ba_008: float64, float64
[ 2023-01-05 09:48:41,413 ] 85 root - INFO - Hypothesis ba_009: float64, float64
[ 2023-01-05 09:48:41,420 ] 85 root - INFO - Hypothesis bb_000: float64, float64
[ 2023-01-05 09:48:41,464 ] 85 root - INFO - Hypothesis bc_000: float64, float64
[ 2023-01-05 09:48:41,503 ] 85 root - INFO - Hypothesis bd_000: float64, float64
[ 2023-01-05 09:48:41,512 ] 85 root - INFO - Hypothesis be_000: float64, float64
[ 2023-01-05 09:48:41,521 ] 85 root - INFO - Hypothesis bf_000: float64, float64
[ 2023-01-05 09:48:41,560 ] 85 root - INFO - Hypothesis bg_000: float64, float64
[ 2023-01-05 09:48:41,603 ] 85 root - INFO - Hypothesis bh_000: float64, float64
[ 2023-01-05 09:48:41,646 ] 85 root - INFO - Hypothesis bi_000: float64, float64
[ 2023-01-05 09:48:41,689 ] 85 root - INFO - Hypothesis bj_000: float64, float64
[ 2023-01-05 09:48:41,731 ] 85 root - INFO - Hypothesis bs_000: float64, float64
[ 2023-01-05 09:48:41,743 ] 85 root - INFO - Hypothesis bt_000: float64, float64
[ 2023-01-05 09:48:41,753 ] 85 root - INFO - Hypothesis bu_000: float64, float64
[ 2023-01-05 09:48:41,796 ] 85 root - INFO - Hypothesis bv_000: float64, float64
[ 2023-01-05 09:48:41,839 ] 85 root - INFO - Hypothesis bx_000: float64, float64
[ 2023-01-05 09:48:41,849 ] 85 root - INFO - Hypothesis by_000: float64, float64
[ 2023-01-05 09:48:41,859 ] 85 root - INFO - Hypothesis bz_000: float64, float64
[ 2023-01-05 09:48:41,901 ] 85 root - INFO - Hypothesis ca_000: float64, float64
[ 2023-01-05 09:48:41,911 ] 85 root - INFO - Hypothesis cb_000: float64, float64
[ 2023-01-05 09:48:41,922 ] 85 root - INFO - Hypothesis cc_000: float64, float64
[ 2023-01-05 09:48:41,932 ] 85 root - INFO - Hypothesis cd_000: float64, float64
[ 2023-01-05 09:48:41,970 ] 85 root - INFO - Hypothesis ce_000: float64, float64
[ 2023-01-05 09:48:42,011 ] 85 root - INFO - Hypothesis ci_000: float64, float64
[ 2023-01-05 09:48:42,021 ] 85 root - INFO - Hypothesis cj_000: float64, float64
[ 2023-01-05 09:48:42,059 ] 85 root - INFO - Hypothesis ck_000: float64, float64
[ 2023-01-05 09:48:42,102 ] 85 root - INFO - Hypothesis cl_000: float64, float64
[ 2023-01-05 09:48:42,140 ] 85 root - INFO - Hypothesis cm_000: float64, float64
[ 2023-01-05 09:48:42,180 ] 85 root - INFO - Hypothesis cn_000: float64, float64
[ 2023-01-05 09:48:42,219 ] 85 root - INFO - Hypothesis cn_001: float64, float64
[ 2023-01-05 09:48:42,263 ] 85 root - INFO - Hypothesis cn_002: float64, float64
[ 2023-01-05 09:48:42,303 ] 85 root - INFO - Hypothesis cn_003: float64, float64
[ 2023-01-05 09:48:42,313 ] 85 root - INFO - Hypothesis cn_004: float64, float64
[ 2023-01-05 09:48:42,324 ] 85 root - INFO - Hypothesis cn_005: float64, float64
[ 2023-01-05 09:48:42,334 ] 85 root - INFO - Hypothesis cn_006: float64, float64
[ 2023-01-05 09:48:42,345 ] 85 root - INFO - Hypothesis cn_007: float64, float64
[ 2023-01-05 09:48:42,354 ] 85 root - INFO - Hypothesis cn_008: float64, float64
[ 2023-01-05 09:48:42,363 ] 85 root - INFO - Hypothesis cn_009: float64, float64
[ 2023-01-05 09:48:42,371 ] 85 root - INFO - Hypothesis cp_000: float64, float64
[ 2023-01-05 09:48:42,411 ] 85 root - INFO - Hypothesis cq_000: float64, float64
[ 2023-01-05 09:48:42,454 ] 85 root - INFO - Hypothesis cs_000: float64, float64
[ 2023-01-05 09:48:42,497 ] 85 root - INFO - Hypothesis cs_001: float64, float64
[ 2023-01-05 09:48:42,505 ] 85 root - INFO - Hypothesis cs_002: float64, float64
[ 2023-01-05 09:48:42,515 ] 85 root - INFO - Hypothesis cs_003: float64, float64
[ 2023-01-05 09:48:42,526 ] 85 root - INFO - Hypothesis cs_004: float64, float64
[ 2023-01-05 09:48:42,536 ] 85 root - INFO - Hypothesis cs_005: float64, float64
[ 2023-01-05 09:48:42,547 ] 85 root - INFO - Hypothesis cs_006: float64, float64
[ 2023-01-05 09:48:42,557 ] 85 root - INFO - Hypothesis cs_007: float64, float64
[ 2023-01-05 09:48:42,568 ] 85 root - INFO - Hypothesis cs_008: float64, float64
[ 2023-01-05 09:48:42,575 ] 85 root - INFO - Hypothesis cs_009: float64, float64
[ 2023-01-05 09:48:42,612 ] 85 root - INFO - Hypothesis dd_000: float64, float64
[ 2023-01-05 09:48:42,621 ] 85 root - INFO - Hypothesis de_000: float64, float64
[ 2023-01-05 09:48:42,629 ] 85 root - INFO - Hypothesis df_000: float64, float64
[ 2023-01-05 09:48:42,666 ] 85 root - INFO - Hypothesis dg_000: float64, float64
[ 2023-01-05 09:48:42,704 ] 85 root - INFO - Hypothesis dh_000: float64, float64
[ 2023-01-05 09:48:42,742 ] 85 root - INFO - Hypothesis di_000: float64, float64
[ 2023-01-05 09:48:42,779 ] 85 root - INFO - Hypothesis dj_000: float64, float64
[ 2023-01-05 09:48:42,816 ] 85 root - INFO - Hypothesis dk_000: float64, float64
[ 2023-01-05 09:48:42,854 ] 85 root - INFO - Hypothesis dl_000: float64, float64
[ 2023-01-05 09:48:42,890 ] 85 root - INFO - Hypothesis dm_000: float64, float64
[ 2023-01-05 09:48:42,926 ] 85 root - INFO - Hypothesis dn_000: float64, float64
[ 2023-01-05 09:48:42,969 ] 85 root - INFO - Hypothesis do_000: float64, float64
[ 2023-01-05 09:48:42,978 ] 85 root - INFO - Hypothesis dp_000: float64, float64
[ 2023-01-05 09:48:42,988 ] 85 root - INFO - Hypothesis dq_000: float64, float64
[ 2023-01-05 09:48:43,026 ] 85 root - INFO - Hypothesis dr_000: float64, float64
[ 2023-01-05 09:48:43,065 ] 85 root - INFO - Hypothesis ds_000: float64, float64
[ 2023-01-05 09:48:43,075 ] 85 root - INFO - Hypothesis dt_000: float64, float64
[ 2023-01-05 09:48:43,085 ] 85 root - INFO - Hypothesis du_000: float64, float64
[ 2023-01-05 09:48:43,095 ] 85 root - INFO - Hypothesis dv_000: float64, float64
[ 2023-01-05 09:48:43,105 ] 85 root - INFO - Hypothesis dx_000: float64, float64
[ 2023-01-05 09:48:43,144 ] 85 root - INFO - Hypothesis dy_000: float64, float64
[ 2023-01-05 09:48:43,182 ] 85 root - INFO - Hypothesis dz_000: float64, float64
[ 2023-01-05 09:48:43,219 ] 85 root - INFO - Hypothesis ea_000: float64, float64
[ 2023-01-05 09:48:43,258 ] 85 root - INFO - Hypothesis eb_000: float64, float64
[ 2023-01-05 09:48:43,298 ] 85 root - INFO - Hypothesis ec_00: float64, float64
[ 2023-01-05 09:48:43,340 ] 85 root - INFO - Hypothesis ed_000: float64, float64
[ 2023-01-05 09:48:43,382 ] 85 root - INFO - Hypothesis ee_000: float64, float64
[ 2023-01-05 09:48:43,393 ] 85 root - INFO - Hypothesis ee_001: float64, float64
[ 2023-01-05 09:48:43,403 ] 85 root - INFO - Hypothesis ee_002: float64, float64
[ 2023-01-05 09:48:43,414 ] 85 root - INFO - Hypothesis ee_003: float64, float64
[ 2023-01-05 09:48:43,424 ] 85 root - INFO - Hypothesis ee_004: float64, float64
[ 2023-01-05 09:48:43,434 ] 85 root - INFO - Hypothesis ee_005: float64, float64
[ 2023-01-05 09:48:43,444 ] 85 root - INFO - Hypothesis ee_006: float64, float64
[ 2023-01-05 09:48:43,487 ] 85 root - INFO - Hypothesis ee_007: float64, float64
[ 2023-01-05 09:48:43,529 ] 85 root - INFO - Hypothesis ee_008: float64, float64
[ 2023-01-05 09:48:43,538 ] 85 root - INFO - Hypothesis ee_009: float64, float64
[ 2023-01-05 09:48:43,578 ] 85 root - INFO - Hypothesis ef_000: float64, float64
[ 2023-01-05 09:48:43,615 ] 85 root - INFO - Hypothesis eg_000: float64, float64
[ 2023-01-05 09:48:43,651 ] 139 root - INFO - As all column are available in test df hence detecting data drift
[ 2023-01-05 09:48:43,652 ] 85 root - INFO - Hypothesis class: object, object
[ 2023-01-05 09:48:43,728 ] 85 root - INFO - Hypothesis aa_000: float64, float64
[ 2023-01-05 09:48:43,735 ] 85 root - INFO - Hypothesis ac_000: float64, float64
[ 2023-01-05 09:48:43,740 ] 85 root - INFO - Hypothesis ae_000: float64, float64
[ 2023-01-05 09:48:43,755 ] 85 root - INFO - Hypothesis af_000: float64, float64
[ 2023-01-05 09:48:43,771 ] 85 root - INFO - Hypothesis ag_000: float64, float64
[ 2023-01-05 09:48:43,786 ] 85 root - INFO - Hypothesis ag_001: float64, float64
[ 2023-01-05 09:48:43,802 ] 85 root - INFO - Hypothesis ag_002: float64, float64
[ 2023-01-05 09:48:43,805 ] 85 root - INFO - Hypothesis ag_003: float64, float64
[ 2023-01-05 09:48:43,810 ] 85 root - INFO - Hypothesis ag_004: float64, float64
[ 2023-01-05 09:48:43,817 ] 85 root - INFO - Hypothesis ag_005: float64, float64
[ 2023-01-05 09:48:43,824 ] 85 root - INFO - Hypothesis ag_006: float64, float64
[ 2023-01-05 09:48:43,831 ] 85 root - INFO - Hypothesis ag_007: float64, float64
[ 2023-01-05 09:48:43,837 ] 85 root - INFO - Hypothesis ag_008: float64, float64
[ 2023-01-05 09:48:43,843 ] 85 root - INFO - Hypothesis ag_009: float64, float64
[ 2023-01-05 09:48:43,848 ] 85 root - INFO - Hypothesis ah_000: float64, float64
[ 2023-01-05 09:48:43,855 ] 85 root - INFO - Hypothesis ai_000: float64, float64
[ 2023-01-05 09:48:43,870 ] 85 root - INFO - Hypothesis aj_000: float64, float64
[ 2023-01-05 09:48:43,875 ] 85 root - INFO - Hypothesis ak_000: float64, float64
[ 2023-01-05 09:48:43,890 ] 85 root - INFO - Hypothesis al_000: float64, float64
[ 2023-01-05 09:48:43,895 ] 85 root - INFO - Hypothesis am_0: float64, float64
[ 2023-01-05 09:48:43,900 ] 85 root - INFO - Hypothesis an_000: float64, float64
[ 2023-01-05 09:48:43,908 ] 85 root - INFO - Hypothesis ao_000: float64, float64
[ 2023-01-05 09:48:43,915 ] 85 root - INFO - Hypothesis ap_000: float64, float64
[ 2023-01-05 09:48:43,922 ] 85 root - INFO - Hypothesis aq_000: float64, float64
[ 2023-01-05 09:48:43,930 ] 85 root - INFO - Hypothesis ar_000: float64, float64
[ 2023-01-05 09:48:43,945 ] 85 root - INFO - Hypothesis as_000: float64, float64
[ 2023-01-05 09:48:43,960 ] 85 root - INFO - Hypothesis at_000: float64, float64
[ 2023-01-05 09:48:43,975 ] 85 root - INFO - Hypothesis au_000: float64, float64
[ 2023-01-05 09:48:43,991 ] 85 root - INFO - Hypothesis av_000: float64, float64
[ 2023-01-05 09:48:43,996 ] 85 root - INFO - Hypothesis ax_000: float64, float64
[ 2023-01-05 09:48:44,002 ] 85 root - INFO - Hypothesis ay_000: float64, float64
[ 2023-01-05 09:48:44,019 ] 85 root - INFO - Hypothesis ay_001: float64, float64
[ 2023-01-05 09:48:44,034 ] 85 root - INFO - Hypothesis ay_002: float64, float64
[ 2023-01-05 09:48:44,050 ] 85 root - INFO - Hypothesis ay_003: float64, float64
[ 2023-01-05 09:48:44,065 ] 85 root - INFO - Hypothesis ay_004: float64, float64
[ 2023-01-05 09:48:44,068 ] 85 root - INFO - Hypothesis ay_005: float64, float64
[ 2023-01-05 09:48:44,073 ] 85 root - INFO - Hypothesis ay_006: float64, float64
[ 2023-01-05 09:48:44,080 ] 85 root - INFO - Hypothesis ay_007: float64, float64
[ 2023-01-05 09:48:44,086 ] 85 root - INFO - Hypothesis ay_008: float64, float64
[ 2023-01-05 09:48:44,093 ] 85 root - INFO - Hypothesis ay_009: float64, float64
[ 2023-01-05 09:48:44,108 ] 85 root - INFO - Hypothesis az_000: float64, float64
[ 2023-01-05 09:48:44,115 ] 85 root - INFO - Hypothesis az_001: float64, float64
[ 2023-01-05 09:48:44,121 ] 85 root - INFO - Hypothesis az_002: float64, float64
[ 2023-01-05 09:48:44,128 ] 85 root - INFO - Hypothesis az_003: float64, float64
[ 2023-01-05 09:48:44,134 ] 85 root - INFO - Hypothesis az_004: float64, float64
[ 2023-01-05 09:48:44,141 ] 85 root - INFO - Hypothesis az_005: float64, float64
[ 2023-01-05 09:48:44,148 ] 85 root - INFO - Hypothesis az_006: float64, float64
[ 2023-01-05 09:48:44,155 ] 85 root - INFO - Hypothesis az_007: float64, float64
[ 2023-01-05 09:48:44,159 ] 85 root - INFO - Hypothesis az_008: float64, float64
[ 2023-01-05 09:48:44,174 ] 85 root - INFO - Hypothesis az_009: float64, float64
[ 2023-01-05 09:48:44,189 ] 85 root - INFO - Hypothesis ba_000: float64, float64
[ 2023-01-05 09:48:44,196 ] 85 root - INFO - Hypothesis ba_001: float64, float64
[ 2023-01-05 09:48:44,205 ] 85 root - INFO - Hypothesis ba_002: float64, float64
[ 2023-01-05 09:48:44,213 ] 85 root - INFO - Hypothesis ba_003: float64, float64
[ 2023-01-05 09:48:44,221 ] 85 root - INFO - Hypothesis ba_004: float64, float64
[ 2023-01-05 09:48:44,228 ] 85 root - INFO - Hypothesis ba_005: float64, float64
[ 2023-01-05 09:48:44,236 ] 85 root - INFO - Hypothesis ba_006: float64, float64
[ 2023-01-05 09:48:44,244 ] 85 root - INFO - Hypothesis ba_007: float64, float64
[ 2023-01-05 09:48:44,252 ] 85 root - INFO - Hypothesis ba_008: float64, float64
[ 2023-01-05 09:48:44,258 ] 85 root - INFO - Hypothesis ba_009: float64, float64
[ 2023-01-05 09:48:44,263 ] 85 root - INFO - Hypothesis bb_000: float64, float64
[ 2023-01-05 09:48:44,270 ] 85 root - INFO - Hypothesis bc_000: float64, float64
[ 2023-01-05 09:48:44,275 ] 85 root - INFO - Hypothesis bd_000: float64, float64
[ 2023-01-05 09:48:44,280 ] 85 root - INFO - Hypothesis be_000: float64, float64
[ 2023-01-05 09:48:44,286 ] 85 root - INFO - Hypothesis bf_000: float64, float64
[ 2023-01-05 09:48:44,291 ] 85 root - INFO - Hypothesis bg_000: float64, float64
[ 2023-01-05 09:48:44,298 ] 85 root - INFO - Hypothesis bh_000: float64, float64
[ 2023-01-05 09:48:44,305 ] 85 root - INFO - Hypothesis bi_000: float64, float64
[ 2023-01-05 09:48:44,312 ] 85 root - INFO - Hypothesis bj_000: float64, float64
[ 2023-01-05 09:48:44,319 ] 85 root - INFO - Hypothesis bs_000: float64, float64
[ 2023-01-05 09:48:44,326 ] 85 root - INFO - Hypothesis bt_000: float64, float64
[ 2023-01-05 09:48:44,333 ] 85 root - INFO - Hypothesis bu_000: float64, float64
[ 2023-01-05 09:48:44,340 ] 85 root - INFO - Hypothesis bv_000: float64, float64
[ 2023-01-05 09:48:44,347 ] 85 root - INFO - Hypothesis bx_000: float64, float64
[ 2023-01-05 09:48:44,354 ] 85 root - INFO - Hypothesis by_000: float64, float64
[ 2023-01-05 09:48:44,361 ] 85 root - INFO - Hypothesis bz_000: float64, float64
[ 2023-01-05 09:48:44,367 ] 85 root - INFO - Hypothesis ca_000: float64, float64
[ 2023-01-05 09:48:44,374 ] 85 root - INFO - Hypothesis cb_000: float64, float64
[ 2023-01-05 09:48:44,381 ] 85 root - INFO - Hypothesis cc_000: float64, float64
[ 2023-01-05 09:48:44,388 ] 85 root - INFO - Hypothesis cd_000: float64, float64
[ 2023-01-05 09:48:44,403 ] 85 root - INFO - Hypothesis ce_000: float64, float64
[ 2023-01-05 09:48:44,410 ] 85 root - INFO - Hypothesis ci_000: float64, float64
[ 2023-01-05 09:48:44,416 ] 85 root - INFO - Hypothesis cj_000: float64, float64
[ 2023-01-05 09:48:44,421 ] 85 root - INFO - Hypothesis ck_000: float64, float64
[ 2023-01-05 09:48:44,428 ] 85 root - INFO - Hypothesis cl_000: float64, float64
[ 2023-01-05 09:48:44,432 ] 85 root - INFO - Hypothesis cm_000: float64, float64
[ 2023-01-05 09:48:44,437 ] 85 root - INFO - Hypothesis cn_000: float64, float64
[ 2023-01-05 09:48:44,452 ] 85 root - INFO - Hypothesis cn_001: float64, float64
[ 2023-01-05 09:48:44,456 ] 85 root - INFO - Hypothesis cn_002: float64, float64
[ 2023-01-05 09:48:44,461 ] 85 root - INFO - Hypothesis cn_003: float64, float64
[ 2023-01-05 09:48:44,468 ] 85 root - INFO - Hypothesis cn_004: float64, float64
[ 2023-01-05 09:48:44,476 ] 85 root - INFO - Hypothesis cn_005: float64, float64
[ 2023-01-05 09:48:44,483 ] 85 root - INFO - Hypothesis cn_006: float64, float64
[ 2023-01-05 09:48:44,489 ] 85 root - INFO - Hypothesis cn_007: float64, float64
[ 2023-01-05 09:48:44,496 ] 85 root - INFO - Hypothesis cn_008: float64, float64
[ 2023-01-05 09:48:44,502 ] 85 root - INFO - Hypothesis cn_009: float64, float64
[ 2023-01-05 09:48:44,507 ] 85 root - INFO - Hypothesis cp_000: float64, float64
[ 2023-01-05 09:48:44,513 ] 85 root - INFO - Hypothesis cq_000: float64, float64
[ 2023-01-05 09:48:44,519 ] 85 root - INFO - Hypothesis cs_000: float64, float64
[ 2023-01-05 09:48:44,526 ] 85 root - INFO - Hypothesis cs_001: float64, float64
[ 2023-01-05 09:48:44,532 ] 85 root - INFO - Hypothesis cs_002: float64, float64
[ 2023-01-05 09:48:44,539 ] 85 root - INFO - Hypothesis cs_003: float64, float64
[ 2023-01-05 09:48:44,546 ] 85 root - INFO - Hypothesis cs_004: float64, float64
[ 2023-01-05 09:48:44,553 ] 85 root - INFO - Hypothesis cs_005: float64, float64
[ 2023-01-05 09:48:44,560 ] 85 root - INFO - Hypothesis cs_006: float64, float64
[ 2023-01-05 09:48:44,567 ] 85 root - INFO - Hypothesis cs_007: float64, float64
[ 2023-01-05 09:48:44,574 ] 85 root - INFO - Hypothesis cs_008: float64, float64
[ 2023-01-05 09:48:44,579 ] 85 root - INFO - Hypothesis cs_009: float64, float64
[ 2023-01-05 09:48:44,594 ] 85 root - INFO - Hypothesis dd_000: float64, float64
[ 2023-01-05 09:48:44,600 ] 85 root - INFO - Hypothesis de_000: float64, float64
[ 2023-01-05 09:48:44,606 ] 85 root - INFO - Hypothesis df_000: float64, float64
[ 2023-01-05 09:48:44,609 ] 85 root - INFO - Hypothesis dg_000: float64, float64
[ 2023-01-05 09:48:44,613 ] 85 root - INFO - Hypothesis dh_000: float64, float64
[ 2023-01-05 09:48:44,616 ] 85 root - INFO - Hypothesis di_000: float64, float64
[ 2023-01-05 09:48:44,633 ] 85 root - INFO - Hypothesis dj_000: float64, float64
[ 2023-01-05 09:48:44,649 ] 85 root - INFO - Hypothesis dk_000: float64, float64
[ 2023-01-05 09:48:44,664 ] 85 root - INFO - Hypothesis dl_000: float64, float64
[ 2023-01-05 09:48:44,680 ] 85 root - INFO - Hypothesis dm_000: float64, float64
[ 2023-01-05 09:48:44,695 ] 85 root - INFO - Hypothesis dn_000: float64, float64
[ 2023-01-05 09:48:44,702 ] 85 root - INFO - Hypothesis do_000: float64, float64
[ 2023-01-05 09:48:44,708 ] 85 root - INFO - Hypothesis dp_000: float64, float64
[ 2023-01-05 09:48:44,715 ] 85 root - INFO - Hypothesis dq_000: float64, float64
[ 2023-01-05 09:48:44,731 ] 85 root - INFO - Hypothesis dr_000: float64, float64
[ 2023-01-05 09:48:44,748 ] 85 root - INFO - Hypothesis ds_000: float64, float64
[ 2023-01-05 09:48:44,754 ] 85 root - INFO - Hypothesis dt_000: float64, float64
[ 2023-01-05 09:48:44,761 ] 85 root - INFO - Hypothesis du_000: float64, float64
[ 2023-01-05 09:48:44,768 ] 85 root - INFO - Hypothesis dv_000: float64, float64
[ 2023-01-05 09:48:44,775 ] 85 root - INFO - Hypothesis dx_000: float64, float64
[ 2023-01-05 09:48:44,792 ] 85 root - INFO - Hypothesis dy_000: float64, float64
[ 2023-01-05 09:48:44,797 ] 85 root - INFO - Hypothesis dz_000: float64, float64
[ 2023-01-05 09:48:44,813 ] 85 root - INFO - Hypothesis ea_000: float64, float64
[ 2023-01-05 09:48:44,828 ] 85 root - INFO - Hypothesis eb_000: float64, float64
[ 2023-01-05 09:48:44,834 ] 85 root - INFO - Hypothesis ec_00: float64, float64
[ 2023-01-05 09:48:44,840 ] 85 root - INFO - Hypothesis ed_000: float64, float64
[ 2023-01-05 09:48:44,846 ] 85 root - INFO - Hypothesis ee_000: float64, float64
[ 2023-01-05 09:48:44,853 ] 85 root - INFO - Hypothesis ee_001: float64, float64
[ 2023-01-05 09:48:44,860 ] 85 root - INFO - Hypothesis ee_002: float64, float64
[ 2023-01-05 09:48:44,867 ] 85 root - INFO - Hypothesis ee_003: float64, float64
[ 2023-01-05 09:48:44,874 ] 85 root - INFO - Hypothesis ee_004: float64, float64
[ 2023-01-05 09:48:44,881 ] 85 root - INFO - Hypothesis ee_005: float64, float64
[ 2023-01-05 09:48:44,888 ] 85 root - INFO - Hypothesis ee_006: float64, float64
[ 2023-01-05 09:48:44,894 ] 85 root - INFO - Hypothesis ee_007: float64, float64
[ 2023-01-05 09:48:44,901 ] 85 root - INFO - Hypothesis ee_008: float64, float64
[ 2023-01-05 09:48:44,907 ] 85 root - INFO - Hypothesis ee_009: float64, float64
[ 2023-01-05 09:48:44,912 ] 85 root - INFO - Hypothesis ef_000: float64, float64
[ 2023-01-05 09:48:44,927 ] 85 root - INFO - Hypothesis eg_000: float64, float64
[ 2023-01-05 09:48:44,943 ] 144 root - INFO - Write reprt in yaml file
[ 2023-01-05 09:48:45,013 ] 149 root - INFO - Data validation artifact: DataValidationArtifact(report_file_path='/config/workspace/artifact/01052023__094818/data_validation/report.yaml')
