[ 2023-01-05 09:46:15,424 ] 21 root - INFO - Exporting collection data as pandas dataframe
[ 2023-01-05 09:46:15,424 ] 22 root - INFO - Reading data from database: aps and collection: sensor
[ 2023-01-05 09:46:19,057 ] 24 root - INFO - Found columns: Index(['_id', 'class', 'aa_000', 'ab_000', 'ac_000', 'ad_000', 'ae_000',
       'af_000', 'ag_000', 'ag_001',
       ...
       'ee_002', 'ee_003', 'ee_004', 'ee_005', 'ee_006', 'ee_007', 'ee_008',
       'ee_009', 'ef_000', 'eg_000'],
      dtype='object', length=172)
[ 2023-01-05 09:46:19,058 ] 26 root - INFO - Dropping column: _id
[ 2023-01-05 09:46:19,271 ] 28 root - INFO - Row and columns in df: (36188, 171)
[ 2023-01-05 09:46:19,271 ] 27 root - INFO - Save data in feature store
[ 2023-01-05 09:46:19,810 ] 33 root - INFO - Create feature store folder if not available
[ 2023-01-05 09:46:19,811 ] 38 root - INFO - Save df to feature store folder
[ 2023-01-05 09:46:22,269 ] 42 root - INFO - create dataset into train and test set
[ 2023-01-05 09:46:22,914 ] 46 root - INFO - create dataset directory folder if not available
[ 2023-01-05 09:46:22,914 ] 51 root - INFO - Save df to feature store folder
[ 2023-01-05 09:46:25,127 ] 63 root - INFO - Data ingestion artifact: DataIngestionArtifact(feature_store_file_path='/config/workspace/artifact/01052023__094615/data_ingestion/feature_store/sensor.csv', train_file_path='/config/workspace/artifact/01052023__094615/data_ingestion/dataset/train.csv', test_file_path='/config/workspace/artifact/01052023__094615/data_ingestion/dataset/test.csv')
[ 2023-01-05 09:46:25,577 ] 19 root - INFO - >>>>>>>>>>>>>>>>>>>>>>>>>>>>>>>>>>>>>>>> Data Validation <<<<<<<<<<<<<<<<<<<<<<<<<<<<<<<<<<<<<<<<
[ 2023-01-05 09:46:25,577 ] 107 root - INFO - Reading base dataframe
[ 2023-01-05 09:46:28,533 ] 110 root - INFO - Replace na value in base df
[ 2023-01-05 09:46:28,533 ] 112 root - INFO - Drop null vlaue columns from base df
[ 2023-01-05 09:46:29,459 ] 41 root - INFO - selecting column name which contains null above to 0.2
[ 2023-01-05 09:46:29,459 ] 44 root - INFO - Columns to drop: ['ab_000', 'ad_000', 'bk_000', 'bl_000', 'bm_000', 'bn_000', 'bo_000', 'bp_000', 'bq_000', 'br_000', 'cf_000', 'cg_000', 'ch_000', 'co_000', 'cr_000', 'ct_000', 'cu_000', 'cv_000', 'cx_000', 'cy_000', 'cz_000', 'da_000', 'db_000', 'dc_000']
[ 2023-01-05 09:46:29,543 ] 115 root - INFO - Reading train dataframe
[ 2023-01-05 09:46:29,929 ] 117 root - INFO - Reading test dataframe
[ 2023-01-05 09:46:30,027 ] 120 root - INFO - Drop null values columns from train df
[ 2023-01-05 09:46:30,039 ] 41 root - INFO - selecting column name which contains null above to 0.2
[ 2023-01-05 09:46:30,039 ] 44 root - INFO - Columns to drop: ['ab_000', 'ad_000', 'bk_000', 'bl_000', 'bm_000', 'bn_000', 'bo_000', 'bp_000', 'bq_000', 'br_000', 'cf_000', 'cg_000', 'ch_000', 'co_000', 'cr_000', 'ct_000', 'cu_000', 'cv_000', 'cx_000', 'cy_000', 'cz_000', 'da_000', 'db_000', 'dc_000']
[ 2023-01-05 09:46:30,048 ] 122 root - INFO - Drop null values columns from test df
[ 2023-01-05 09:46:30,052 ] 41 root - INFO - selecting column name which contains null above to 0.2
[ 2023-01-05 09:46:30,053 ] 44 root - INFO - Columns to drop: ['ab_000', 'ad_000', 'bk_000', 'bl_000', 'bm_000', 'bn_000', 'bo_000', 'bp_000', 'bq_000', 'br_000', 'cf_000', 'cg_000', 'ch_000', 'co_000', 'cr_000', 'ct_000', 'cu_000', 'cv_000', 'cx_000', 'cy_000', 'cz_000', 'da_000', 'db_000', 'dc_000']
[ 2023-01-05 09:46:36,114 ] 130 root - INFO - Is all required column present in train df
[ 2023-01-05 09:46:36,115 ] 132 root - INFO - Is all required columns present in test df
[ 2023-01-05 09:46:36,115 ] 136 root - INFO - As all column are available in train df hence detecting data drift
[ 2023-01-05 09:46:36,115 ] 85 root - INFO - Hypothesis class: object, object
[ 2023-01-05 09:46:36,253 ] 85 root - INFO - Hypothesis aa_000: float64, float64
[ 2023-01-05 09:46:36,263 ] 85 root - INFO - Hypothesis ac_000: float64, float64
[ 2023-01-05 09:46:36,271 ] 85 root - INFO - Hypothesis ae_000: float64, float64
[ 2023-01-05 09:46:36,308 ] 85 root - INFO - Hypothesis af_000: float64, float64
[ 2023-01-05 09:46:36,345 ] 85 root - INFO - Hypothesis ag_000: float64, float64
[ 2023-01-05 09:46:36,381 ] 85 root - INFO - Hypothesis ag_001: float64, float64
[ 2023-01-05 09:46:36,417 ] 85 root - INFO - Hypothesis ag_002: float64, float64
[ 2023-01-05 09:46:36,454 ] 85 root - INFO - Hypothesis ag_003: float64, float64
[ 2023-01-05 09:46:36,492 ] 85 root - INFO - Hypothesis ag_004: float64, float64
[ 2023-01-05 09:46:36,533 ] 85 root - INFO - Hypothesis ag_005: float64, float64
[ 2023-01-05 09:46:36,576 ] 85 root - INFO - Hypothesis ag_006: float64, float64
[ 2023-01-05 09:46:36,586 ] 85 root - INFO - Hypothesis ag_007: float64, float64
[ 2023-01-05 09:46:36,628 ] 85 root - INFO - Hypothesis ag_008: float64, float64
[ 2023-01-05 09:46:36,637 ] 85 root - INFO - Hypothesis ag_009: float64, float64
[ 2023-01-05 09:46:36,676 ] 85 root - INFO - Hypothesis ah_000: float64, float64
[ 2023-01-05 09:46:36,687 ] 85 root - INFO - Hypothesis ai_000: float64, float64
[ 2023-01-05 09:46:36,723 ] 85 root - INFO - Hypothesis aj_000: float64, float64
[ 2023-01-05 09:46:36,761 ] 85 root - INFO - Hypothesis ak_000: float64, float64
[ 2023-01-05 09:46:36,797 ] 85 root - INFO - Hypothesis al_000: float64, float64
[ 2023-01-05 09:46:36,839 ] 85 root - INFO - Hypothesis am_0: float64, float64
[ 2023-01-05 09:46:36,879 ] 85 root - INFO - Hypothesis an_000: float64, float64
[ 2023-01-05 09:46:36,922 ] 85 root - INFO - Hypothesis ao_000: float64, float64
[ 2023-01-05 09:46:36,965 ] 85 root - INFO - Hypothesis ap_000: float64, float64
[ 2023-01-05 09:46:37,007 ] 85 root - INFO - Hypothesis aq_000: float64, float64
[ 2023-01-05 09:46:37,050 ] 85 root - INFO - Hypothesis ar_000: float64, float64
[ 2023-01-05 09:46:37,087 ] 85 root - INFO - Hypothesis as_000: float64, float64
[ 2023-01-05 09:46:37,123 ] 85 root - INFO - Hypothesis at_000: float64, float64
[ 2023-01-05 09:46:37,160 ] 85 root - INFO - Hypothesis au_000: float64, float64
[ 2023-01-05 09:46:37,197 ] 85 root - INFO - Hypothesis av_000: float64, float64
[ 2023-01-05 09:46:37,206 ] 85 root - INFO - Hypothesis ax_000: float64, float64
[ 2023-01-05 09:46:37,246 ] 85 root - INFO - Hypothesis ay_000: float64, float64
[ 2023-01-05 09:46:37,281 ] 85 root - INFO - Hypothesis ay_001: float64, float64
[ 2023-01-05 09:46:37,318 ] 85 root - INFO - Hypothesis ay_002: float64, float64
[ 2023-01-05 09:46:37,355 ] 85 root - INFO - Hypothesis ay_003: float64, float64
[ 2023-01-05 09:46:37,391 ] 85 root - INFO - Hypothesis ay_004: float64, float64
[ 2023-01-05 09:46:37,429 ] 85 root - INFO - Hypothesis ay_005: float64, float64
[ 2023-01-05 09:46:37,469 ] 85 root - INFO - Hypothesis ay_006: float64, float64
[ 2023-01-05 09:46:37,510 ] 85 root - INFO - Hypothesis ay_007: float64, float64
[ 2023-01-05 09:46:37,520 ] 85 root - INFO - Hypothesis ay_008: float64, float64
[ 2023-01-05 09:46:37,531 ] 85 root - INFO - Hypothesis ay_009: float64, float64
[ 2023-01-05 09:46:37,566 ] 85 root - INFO - Hypothesis az_000: float64, float64
[ 2023-01-05 09:46:37,608 ] 85 root - INFO - Hypothesis az_001: float64, float64
[ 2023-01-05 09:46:37,651 ] 85 root - INFO - Hypothesis az_002: float64, float64
[ 2023-01-05 09:46:37,692 ] 85 root - INFO - Hypothesis az_003: float64, float64
[ 2023-01-05 09:46:37,703 ] 85 root - INFO - Hypothesis az_004: float64, float64
[ 2023-01-05 09:46:37,713 ] 85 root - INFO - Hypothesis az_005: float64, float64
[ 2023-01-05 09:46:37,724 ] 85 root - INFO - Hypothesis az_006: float64, float64
[ 2023-01-05 09:46:37,732 ] 85 root - INFO - Hypothesis az_007: float64, float64
[ 2023-01-05 09:46:37,770 ] 85 root - INFO - Hypothesis az_008: float64, float64
[ 2023-01-05 09:46:37,807 ] 85 root - INFO - Hypothesis az_009: float64, float64
[ 2023-01-05 09:46:37,844 ] 85 root - INFO - Hypothesis ba_000: float64, float64
[ 2023-01-05 09:46:37,886 ] 85 root - INFO - Hypothesis ba_001: float64, float64
[ 2023-01-05 09:46:37,930 ] 85 root - INFO - Hypothesis ba_002: float64, float64
[ 2023-01-05 09:46:37,973 ] 85 root - INFO - Hypothesis ba_003: float64, float64
[ 2023-01-05 09:46:38,015 ] 85 root - INFO - Hypothesis ba_004: float64, float64
[ 2023-01-05 09:46:38,025 ] 85 root - INFO - Hypothesis ba_005: float64, float64
[ 2023-01-05 09:46:38,070 ] 85 root - INFO - Hypothesis ba_006: float64, float64
[ 2023-01-05 09:46:38,114 ] 85 root - INFO - Hypothesis ba_007: float64, float64
[ 2023-01-05 09:46:38,123 ] 85 root - INFO - Hypothesis ba_008: float64, float64
[ 2023-01-05 09:46:38,163 ] 85 root - INFO - Hypothesis ba_009: float64, float64
[ 2023-01-05 09:46:38,202 ] 85 root - INFO - Hypothesis bb_000: float64, float64
[ 2023-01-05 09:46:38,213 ] 85 root - INFO - Hypothesis bc_000: float64, float64
[ 2023-01-05 09:46:38,220 ] 85 root - INFO - Hypothesis bd_000: float64, float64
[ 2023-01-05 09:46:38,229 ] 85 root - INFO - Hypothesis be_000: float64, float64
[ 2023-01-05 09:46:38,269 ] 85 root - INFO - Hypothesis bf_000: float64, float64
[ 2023-01-05 09:46:38,307 ] 85 root - INFO - Hypothesis bg_000: float64, float64
[ 2023-01-05 09:46:38,317 ] 85 root - INFO - Hypothesis bh_000: float64, float64
[ 2023-01-05 09:46:38,328 ] 85 root - INFO - Hypothesis bi_000: float64, float64
[ 2023-01-05 09:46:38,339 ] 85 root - INFO - Hypothesis bj_000: float64, float64
[ 2023-01-05 09:46:38,380 ] 85 root - INFO - Hypothesis bs_000: float64, float64
[ 2023-01-05 09:46:38,391 ] 85 root - INFO - Hypothesis bt_000: float64, float64
[ 2023-01-05 09:46:38,402 ] 85 root - INFO - Hypothesis bu_000: float64, float64
[ 2023-01-05 09:46:38,412 ] 85 root - INFO - Hypothesis bv_000: float64, float64
[ 2023-01-05 09:46:38,423 ] 85 root - INFO - Hypothesis bx_000: float64, float64
[ 2023-01-05 09:46:38,465 ] 85 root - INFO - Hypothesis by_000: float64, float64
[ 2023-01-05 09:46:38,508 ] 85 root - INFO - Hypothesis bz_000: float64, float64
[ 2023-01-05 09:46:38,517 ] 85 root - INFO - Hypothesis ca_000: float64, float64
[ 2023-01-05 09:46:38,528 ] 85 root - INFO - Hypothesis cb_000: float64, float64
[ 2023-01-05 09:46:38,538 ] 85 root - INFO - Hypothesis cc_000: float64, float64
[ 2023-01-05 09:46:38,581 ] 85 root - INFO - Hypothesis cd_000: float64, float64
[ 2023-01-05 09:46:38,617 ] 85 root - INFO - Hypothesis ce_000: float64, float64
[ 2023-01-05 09:46:38,626 ] 85 root - INFO - Hypothesis ci_000: float64, float64
[ 2023-01-05 09:46:38,669 ] 85 root - INFO - Hypothesis cj_000: float64, float64
[ 2023-01-05 09:46:38,706 ] 85 root - INFO - Hypothesis ck_000: float64, float64
[ 2023-01-05 09:46:38,717 ] 85 root - INFO - Hypothesis cl_000: float64, float64
[ 2023-01-05 09:46:38,723 ] 85 root - INFO - Hypothesis cm_000: float64, float64
[ 2023-01-05 09:46:38,730 ] 85 root - INFO - Hypothesis cn_000: float64, float64
[ 2023-01-05 09:46:38,767 ] 85 root - INFO - Hypothesis cn_001: float64, float64
[ 2023-01-05 09:46:38,805 ] 85 root - INFO - Hypothesis cn_002: float64, float64
[ 2023-01-05 09:46:38,845 ] 85 root - INFO - Hypothesis cn_003: float64, float64
[ 2023-01-05 09:46:38,856 ] 85 root - INFO - Hypothesis cn_004: float64, float64
[ 2023-01-05 09:46:38,867 ] 85 root - INFO - Hypothesis cn_005: float64, float64
[ 2023-01-05 09:46:38,909 ] 85 root - INFO - Hypothesis cn_006: float64, float64
[ 2023-01-05 09:46:38,951 ] 85 root - INFO - Hypothesis cn_007: float64, float64
[ 2023-01-05 09:46:38,961 ] 85 root - INFO - Hypothesis cn_008: float64, float64
[ 2023-01-05 09:46:39,002 ] 85 root - INFO - Hypothesis cn_009: float64, float64
[ 2023-01-05 09:46:39,041 ] 85 root - INFO - Hypothesis cp_000: float64, float64
[ 2023-01-05 09:46:39,080 ] 85 root - INFO - Hypothesis cq_000: float64, float64
[ 2023-01-05 09:46:39,090 ] 85 root - INFO - Hypothesis cs_000: float64, float64
[ 2023-01-05 09:46:39,100 ] 85 root - INFO - Hypothesis cs_001: float64, float64
[ 2023-01-05 09:46:39,141 ] 85 root - INFO - Hypothesis cs_002: float64, float64
[ 2023-01-05 09:46:39,183 ] 85 root - INFO - Hypothesis cs_003: float64, float64
[ 2023-01-05 09:46:39,194 ] 85 root - INFO - Hypothesis cs_004: float64, float64
[ 2023-01-05 09:46:39,241 ] 85 root - INFO - Hypothesis cs_005: float64, float64
[ 2023-01-05 09:46:39,283 ] 85 root - INFO - Hypothesis cs_006: float64, float64
[ 2023-01-05 09:46:39,294 ] 85 root - INFO - Hypothesis cs_007: float64, float64
[ 2023-01-05 09:46:39,337 ] 85 root - INFO - Hypothesis cs_008: float64, float64
[ 2023-01-05 09:46:39,377 ] 85 root - INFO - Hypothesis cs_009: float64, float64
[ 2023-01-05 09:46:39,413 ] 85 root - INFO - Hypothesis dd_000: float64, float64
[ 2023-01-05 09:46:39,455 ] 85 root - INFO - Hypothesis de_000: float64, float64
[ 2023-01-05 09:46:39,464 ] 85 root - INFO - Hypothesis df_000: float64, float64
[ 2023-01-05 09:46:39,502 ] 85 root - INFO - Hypothesis dg_000: float64, float64
[ 2023-01-05 09:46:39,541 ] 85 root - INFO - Hypothesis dh_000: float64, float64
[ 2023-01-05 09:46:39,547 ] 85 root - INFO - Hypothesis di_000: float64, float64
[ 2023-01-05 09:46:39,553 ] 85 root - INFO - Hypothesis dj_000: float64, float64
[ 2023-01-05 09:46:39,591 ] 85 root - INFO - Hypothesis dk_000: float64, float64
[ 2023-01-05 09:46:39,628 ] 85 root - INFO - Hypothesis dl_000: float64, float64
[ 2023-01-05 09:46:39,665 ] 85 root - INFO - Hypothesis dm_000: float64, float64
[ 2023-01-05 09:46:39,702 ] 85 root - INFO - Hypothesis dn_000: float64, float64
[ 2023-01-05 09:46:39,712 ] 85 root - INFO - Hypothesis do_000: float64, float64
[ 2023-01-05 09:46:39,753 ] 85 root - INFO - Hypothesis dp_000: float64, float64
[ 2023-01-05 09:46:39,795 ] 85 root - INFO - Hypothesis dq_000: float64, float64
[ 2023-01-05 09:46:39,835 ] 85 root - INFO - Hypothesis dr_000: float64, float64
[ 2023-01-05 09:46:39,873 ] 85 root - INFO - Hypothesis ds_000: float64, float64
[ 2023-01-05 09:46:39,917 ] 85 root - INFO - Hypothesis dt_000: float64, float64
[ 2023-01-05 09:46:39,959 ] 85 root - INFO - Hypothesis du_000: float64, float64
[ 2023-01-05 09:46:40,002 ] 85 root - INFO - Hypothesis dv_000: float64, float64
[ 2023-01-05 09:46:40,044 ] 85 root - INFO - Hypothesis dx_000: float64, float64
[ 2023-01-05 09:46:40,084 ] 85 root - INFO - Hypothesis dy_000: float64, float64
[ 2023-01-05 09:46:40,090 ] 85 root - INFO - Hypothesis dz_000: float64, float64
[ 2023-01-05 09:46:40,128 ] 85 root - INFO - Hypothesis ea_000: float64, float64
[ 2023-01-05 09:46:40,165 ] 85 root - INFO - Hypothesis eb_000: float64, float64
[ 2023-01-05 09:46:40,174 ] 85 root - INFO - Hypothesis ec_00: float64, float64
[ 2023-01-05 09:46:40,184 ] 85 root - INFO - Hypothesis ed_000: float64, float64
[ 2023-01-05 09:46:40,193 ] 85 root - INFO - Hypothesis ee_000: float64, float64
[ 2023-01-05 09:46:40,203 ] 85 root - INFO - Hypothesis ee_001: float64, float64
[ 2023-01-05 09:46:40,246 ] 85 root - INFO - Hypothesis ee_002: float64, float64
[ 2023-01-05 09:46:40,289 ] 85 root - INFO - Hypothesis ee_003: float64, float64
[ 2023-01-05 09:46:40,330 ] 85 root - INFO - Hypothesis ee_004: float64, float64
[ 2023-01-05 09:46:40,373 ] 85 root - INFO - Hypothesis ee_005: float64, float64
[ 2023-01-05 09:46:40,383 ] 85 root - INFO - Hypothesis ee_006: float64, float64
[ 2023-01-05 09:46:40,393 ] 85 root - INFO - Hypothesis ee_007: float64, float64
[ 2023-01-05 09:46:40,403 ] 85 root - INFO - Hypothesis ee_008: float64, float64
[ 2023-01-05 09:46:40,444 ] 85 root - INFO - Hypothesis ee_009: float64, float64
[ 2023-01-05 09:46:40,452 ] 85 root - INFO - Hypothesis ef_000: float64, float64
[ 2023-01-05 09:46:40,488 ] 85 root - INFO - Hypothesis eg_000: float64, float64
[ 2023-01-05 09:46:40,525 ] 139 root - INFO - As all column are available in test df hence detecting data drift
[ 2023-01-05 09:46:40,525 ] 85 root - INFO - Hypothesis class: object, object
[ 2023-01-05 09:46:40,597 ] 85 root - INFO - Hypothesis aa_000: float64, float64
[ 2023-01-05 09:46:40,604 ] 85 root - INFO - Hypothesis ac_000: float64, float64
[ 2023-01-05 09:46:40,610 ] 85 root - INFO - Hypothesis ae_000: float64, float64
[ 2023-01-05 09:46:40,625 ] 85 root - INFO - Hypothesis af_000: float64, float64
[ 2023-01-05 09:46:40,640 ] 85 root - INFO - Hypothesis ag_000: float64, float64
[ 2023-01-05 09:46:40,655 ] 85 root - INFO - Hypothesis ag_001: float64, float64
[ 2023-01-05 09:46:40,670 ] 85 root - INFO - Hypothesis ag_002: float64, float64
[ 2023-01-05 09:46:40,685 ] 85 root - INFO - Hypothesis ag_003: float64, float64
[ 2023-01-05 09:46:40,690 ] 85 root - INFO - Hypothesis ag_004: float64, float64
[ 2023-01-05 09:46:40,696 ] 85 root - INFO - Hypothesis ag_005: float64, float64
[ 2023-01-05 09:46:40,703 ] 85 root - INFO - Hypothesis ag_006: float64, float64
[ 2023-01-05 09:46:40,710 ] 85 root - INFO - Hypothesis ag_007: float64, float64
[ 2023-01-05 09:46:40,716 ] 85 root - INFO - Hypothesis ag_008: float64, float64
[ 2023-01-05 09:46:40,722 ] 85 root - INFO - Hypothesis ag_009: float64, float64
[ 2023-01-05 09:46:40,727 ] 85 root - INFO - Hypothesis ah_000: float64, float64
[ 2023-01-05 09:46:40,734 ] 85 root - INFO - Hypothesis ai_000: float64, float64
[ 2023-01-05 09:46:40,737 ] 85 root - INFO - Hypothesis aj_000: float64, float64
[ 2023-01-05 09:46:40,741 ] 85 root - INFO - Hypothesis ak_000: float64, float64
[ 2023-01-05 09:46:40,756 ] 85 root - INFO - Hypothesis al_000: float64, float64
[ 2023-01-05 09:46:40,773 ] 85 root - INFO - Hypothesis am_0: float64, float64
[ 2023-01-05 09:46:40,791 ] 85 root - INFO - Hypothesis an_000: float64, float64
[ 2023-01-05 09:46:40,798 ] 85 root - INFO - Hypothesis ao_000: float64, float64
[ 2023-01-05 09:46:40,805 ] 85 root - INFO - Hypothesis ap_000: float64, float64
[ 2023-01-05 09:46:40,812 ] 85 root - INFO - Hypothesis aq_000: float64, float64
[ 2023-01-05 09:46:40,819 ] 85 root - INFO - Hypothesis ar_000: float64, float64
[ 2023-01-05 09:46:40,835 ] 85 root - INFO - Hypothesis as_000: float64, float64
[ 2023-01-05 09:46:40,850 ] 85 root - INFO - Hypothesis at_000: float64, float64
[ 2023-01-05 09:46:40,865 ] 85 root - INFO - Hypothesis au_000: float64, float64
[ 2023-01-05 09:46:40,880 ] 85 root - INFO - Hypothesis av_000: float64, float64
[ 2023-01-05 09:46:40,886 ] 85 root - INFO - Hypothesis ax_000: float64, float64
[ 2023-01-05 09:46:40,891 ] 85 root - INFO - Hypothesis ay_000: float64, float64
[ 2023-01-05 09:46:40,906 ] 85 root - INFO - Hypothesis ay_001: float64, float64
[ 2023-01-05 09:46:40,921 ] 85 root - INFO - Hypothesis ay_002: float64, float64
[ 2023-01-05 09:46:40,936 ] 85 root - INFO - Hypothesis ay_003: float64, float64
[ 2023-01-05 09:46:40,951 ] 85 root - INFO - Hypothesis ay_004: float64, float64
[ 2023-01-05 09:46:40,966 ] 85 root - INFO - Hypothesis ay_005: float64, float64
[ 2023-01-05 09:46:40,972 ] 85 root - INFO - Hypothesis ay_006: float64, float64
[ 2023-01-05 09:46:40,978 ] 85 root - INFO - Hypothesis ay_007: float64, float64
[ 2023-01-05 09:46:40,985 ] 85 root - INFO - Hypothesis ay_008: float64, float64
[ 2023-01-05 09:46:40,991 ] 85 root - INFO - Hypothesis ay_009: float64, float64
[ 2023-01-05 09:46:41,009 ] 85 root - INFO - Hypothesis az_000: float64, float64
[ 2023-01-05 09:46:41,016 ] 85 root - INFO - Hypothesis az_001: float64, float64
[ 2023-01-05 09:46:41,023 ] 85 root - INFO - Hypothesis az_002: float64, float64
[ 2023-01-05 09:46:41,029 ] 85 root - INFO - Hypothesis az_003: float64, float64
[ 2023-01-05 09:46:41,036 ] 85 root - INFO - Hypothesis az_004: float64, float64
[ 2023-01-05 09:46:41,043 ] 85 root - INFO - Hypothesis az_005: float64, float64
[ 2023-01-05 09:46:41,050 ] 85 root - INFO - Hypothesis az_006: float64, float64
[ 2023-01-05 09:46:41,056 ] 85 root - INFO - Hypothesis az_007: float64, float64
[ 2023-01-05 09:46:41,061 ] 85 root - INFO - Hypothesis az_008: float64, float64
[ 2023-01-05 09:46:41,064 ] 85 root - INFO - Hypothesis az_009: float64, float64
[ 2023-01-05 09:46:41,080 ] 85 root - INFO - Hypothesis ba_000: float64, float64
[ 2023-01-05 09:46:41,088 ] 85 root - INFO - Hypothesis ba_001: float64, float64
[ 2023-01-05 09:46:41,096 ] 85 root - INFO - Hypothesis ba_002: float64, float64
[ 2023-01-05 09:46:41,103 ] 85 root - INFO - Hypothesis ba_003: float64, float64
[ 2023-01-05 09:46:41,110 ] 85 root - INFO - Hypothesis ba_004: float64, float64
[ 2023-01-05 09:46:41,116 ] 85 root - INFO - Hypothesis ba_005: float64, float64
[ 2023-01-05 09:46:41,123 ] 85 root - INFO - Hypothesis ba_006: float64, float64
[ 2023-01-05 09:46:41,130 ] 85 root - INFO - Hypothesis ba_007: float64, float64
[ 2023-01-05 09:46:41,136 ] 85 root - INFO - Hypothesis ba_008: float64, float64
[ 2023-01-05 09:46:41,142 ] 85 root - INFO - Hypothesis ba_009: float64, float64
[ 2023-01-05 09:46:41,146 ] 85 root - INFO - Hypothesis bb_000: float64, float64
[ 2023-01-05 09:46:41,153 ] 85 root - INFO - Hypothesis bc_000: float64, float64
[ 2023-01-05 09:46:41,158 ] 85 root - INFO - Hypothesis bd_000: float64, float64
[ 2023-01-05 09:46:41,164 ] 85 root - INFO - Hypothesis be_000: float64, float64
[ 2023-01-05 09:46:41,171 ] 85 root - INFO - Hypothesis bf_000: float64, float64
[ 2023-01-05 09:46:41,176 ] 85 root - INFO - Hypothesis bg_000: float64, float64
[ 2023-01-05 09:46:41,183 ] 85 root - INFO - Hypothesis bh_000: float64, float64
[ 2023-01-05 09:46:41,190 ] 85 root - INFO - Hypothesis bi_000: float64, float64
[ 2023-01-05 09:46:41,197 ] 85 root - INFO - Hypothesis bj_000: float64, float64
[ 2023-01-05 09:46:41,204 ] 85 root - INFO - Hypothesis bs_000: float64, float64
[ 2023-01-05 09:46:41,211 ] 85 root - INFO - Hypothesis bt_000: float64, float64
[ 2023-01-05 09:46:41,218 ] 85 root - INFO - Hypothesis bu_000: float64, float64
[ 2023-01-05 09:46:41,225 ] 85 root - INFO - Hypothesis bv_000: float64, float64
[ 2023-01-05 09:46:41,232 ] 85 root - INFO - Hypothesis bx_000: float64, float64
[ 2023-01-05 09:46:41,239 ] 85 root - INFO - Hypothesis by_000: float64, float64
[ 2023-01-05 09:46:41,246 ] 85 root - INFO - Hypothesis bz_000: float64, float64
[ 2023-01-05 09:46:41,252 ] 85 root - INFO - Hypothesis ca_000: float64, float64
[ 2023-01-05 09:46:41,259 ] 85 root - INFO - Hypothesis cb_000: float64, float64
[ 2023-01-05 09:46:41,266 ] 85 root - INFO - Hypothesis cc_000: float64, float64
[ 2023-01-05 09:46:41,273 ] 85 root - INFO - Hypothesis cd_000: float64, float64
[ 2023-01-05 09:46:41,288 ] 85 root - INFO - Hypothesis ce_000: float64, float64
[ 2023-01-05 09:46:41,294 ] 85 root - INFO - Hypothesis ci_000: float64, float64
[ 2023-01-05 09:46:41,301 ] 85 root - INFO - Hypothesis cj_000: float64, float64
[ 2023-01-05 09:46:41,305 ] 85 root - INFO - Hypothesis ck_000: float64, float64
[ 2023-01-05 09:46:41,313 ] 85 root - INFO - Hypothesis cl_000: float64, float64
[ 2023-01-05 09:46:41,317 ] 85 root - INFO - Hypothesis cm_000: float64, float64
[ 2023-01-05 09:46:41,321 ] 85 root - INFO - Hypothesis cn_000: float64, float64
[ 2023-01-05 09:46:41,336 ] 85 root - INFO - Hypothesis cn_001: float64, float64
[ 2023-01-05 09:46:41,352 ] 85 root - INFO - Hypothesis cn_002: float64, float64
[ 2023-01-05 09:46:41,358 ] 85 root - INFO - Hypothesis cn_003: float64, float64
[ 2023-01-05 09:46:41,365 ] 85 root - INFO - Hypothesis cn_004: float64, float64
[ 2023-01-05 09:46:41,372 ] 85 root - INFO - Hypothesis cn_005: float64, float64
[ 2023-01-05 09:46:41,379 ] 85 root - INFO - Hypothesis cn_006: float64, float64
[ 2023-01-05 09:46:41,386 ] 85 root - INFO - Hypothesis cn_007: float64, float64
[ 2023-01-05 09:46:41,392 ] 85 root - INFO - Hypothesis cn_008: float64, float64
[ 2023-01-05 09:46:41,398 ] 85 root - INFO - Hypothesis cn_009: float64, float64
[ 2023-01-05 09:46:41,403 ] 85 root - INFO - Hypothesis cp_000: float64, float64
[ 2023-01-05 09:46:41,409 ] 85 root - INFO - Hypothesis cq_000: float64, float64
[ 2023-01-05 09:46:41,416 ] 85 root - INFO - Hypothesis cs_000: float64, float64
[ 2023-01-05 09:46:41,422 ] 85 root - INFO - Hypothesis cs_001: float64, float64
[ 2023-01-05 09:46:41,428 ] 85 root - INFO - Hypothesis cs_002: float64, float64
[ 2023-01-05 09:46:41,435 ] 85 root - INFO - Hypothesis cs_003: float64, float64
[ 2023-01-05 09:46:41,442 ] 85 root - INFO - Hypothesis cs_004: float64, float64
[ 2023-01-05 09:46:41,449 ] 85 root - INFO - Hypothesis cs_005: float64, float64
[ 2023-01-05 09:46:41,456 ] 85 root - INFO - Hypothesis cs_006: float64, float64
[ 2023-01-05 09:46:41,463 ] 85 root - INFO - Hypothesis cs_007: float64, float64
[ 2023-01-05 09:46:41,470 ] 85 root - INFO - Hypothesis cs_008: float64, float64
[ 2023-01-05 09:46:41,475 ] 85 root - INFO - Hypothesis cs_009: float64, float64
[ 2023-01-05 09:46:41,490 ] 85 root - INFO - Hypothesis dd_000: float64, float64
[ 2023-01-05 09:46:41,496 ] 85 root - INFO - Hypothesis de_000: float64, float64
[ 2023-01-05 09:46:41,502 ] 85 root - INFO - Hypothesis df_000: float64, float64
[ 2023-01-05 09:46:41,506 ] 85 root - INFO - Hypothesis dg_000: float64, float64
[ 2023-01-05 09:46:41,509 ] 85 root - INFO - Hypothesis dh_000: float64, float64
[ 2023-01-05 09:46:41,512 ] 85 root - INFO - Hypothesis di_000: float64, float64
[ 2023-01-05 09:46:41,516 ] 85 root - INFO - Hypothesis dj_000: float64, float64
[ 2023-01-05 09:46:41,520 ] 85 root - INFO - Hypothesis dk_000: float64, float64
[ 2023-01-05 09:46:41,523 ] 85 root - INFO - Hypothesis dl_000: float64, float64
[ 2023-01-05 09:46:41,526 ] 85 root - INFO - Hypothesis dm_000: float64, float64
[ 2023-01-05 09:46:41,529 ] 85 root - INFO - Hypothesis dn_000: float64, float64
[ 2023-01-05 09:46:41,536 ] 85 root - INFO - Hypothesis do_000: float64, float64
[ 2023-01-05 09:46:41,542 ] 85 root - INFO - Hypothesis dp_000: float64, float64
[ 2023-01-05 09:46:41,548 ] 85 root - INFO - Hypothesis dq_000: float64, float64
[ 2023-01-05 09:46:41,553 ] 85 root - INFO - Hypothesis dr_000: float64, float64
[ 2023-01-05 09:46:41,557 ] 85 root - INFO - Hypothesis ds_000: float64, float64
[ 2023-01-05 09:46:41,564 ] 85 root - INFO - Hypothesis dt_000: float64, float64
[ 2023-01-05 09:46:41,570 ] 85 root - INFO - Hypothesis du_000: float64, float64
[ 2023-01-05 09:46:41,577 ] 85 root - INFO - Hypothesis dv_000: float64, float64
[ 2023-01-05 09:46:41,583 ] 85 root - INFO - Hypothesis dx_000: float64, float64
[ 2023-01-05 09:46:41,588 ] 85 root - INFO - Hypothesis dy_000: float64, float64
[ 2023-01-05 09:46:41,593 ] 85 root - INFO - Hypothesis dz_000: float64, float64
[ 2023-01-05 09:46:41,608 ] 85 root - INFO - Hypothesis ea_000: float64, float64
[ 2023-01-05 09:46:41,623 ] 85 root - INFO - Hypothesis eb_000: float64, float64
[ 2023-01-05 09:46:41,629 ] 85 root - INFO - Hypothesis ec_00: float64, float64
[ 2023-01-05 09:46:41,636 ] 85 root - INFO - Hypothesis ed_000: float64, float64
[ 2023-01-05 09:46:41,642 ] 85 root - INFO - Hypothesis ee_000: float64, float64
[ 2023-01-05 09:46:41,649 ] 85 root - INFO - Hypothesis ee_001: float64, float64
[ 2023-01-05 09:46:41,656 ] 85 root - INFO - Hypothesis ee_002: float64, float64
[ 2023-01-05 09:46:41,663 ] 85 root - INFO - Hypothesis ee_003: float64, float64
[ 2023-01-05 09:46:41,669 ] 85 root - INFO - Hypothesis ee_004: float64, float64
[ 2023-01-05 09:46:41,676 ] 85 root - INFO - Hypothesis ee_005: float64, float64
[ 2023-01-05 09:46:41,683 ] 85 root - INFO - Hypothesis ee_006: float64, float64
[ 2023-01-05 09:46:41,689 ] 85 root - INFO - Hypothesis ee_007: float64, float64
[ 2023-01-05 09:46:41,696 ] 85 root - INFO - Hypothesis ee_008: float64, float64
[ 2023-01-05 09:46:41,702 ] 85 root - INFO - Hypothesis ee_009: float64, float64
[ 2023-01-05 09:46:41,707 ] 85 root - INFO - Hypothesis ef_000: float64, float64
[ 2023-01-05 09:46:41,722 ] 85 root - INFO - Hypothesis eg_000: float64, float64
[ 2023-01-05 09:46:41,737 ] 144 root - INFO - Write reprt in yaml file
